2013-11-21 14:39:38 : Admin UserID Login started for tarryc
2013-11-21 14:47:30 : Admin UserID Login started for tarryc
2013-11-21 15:02:46 : Admin UserID Login started for goerge
2013-11-21 15:05:16 : Admin UserID Login started for goerge
2013-11-21 15:06:18 : Admin UserID Login started for george
2013-11-21 15:10:45 : Admin UserID Login started for george
2013-11-21 15:13:55 : Admin UserID Login started for george
2013-11-21 15:14:07 : Admin UserID Login started for george
2013-11-21 15:14:41 : Admin UserID Login started for george
2013-11-21 15:16:28 : Admin UserID Login started for bnlkjslkf;sdjf
2013-11-21 15:17:54 : Admin UserID Login started for dddddddd
2013-11-21 15:19:24 : Admin UserID Login started for sssssss
2013-11-21 15:21:08 : Admin UserID Login started for dfdfddfdfdf
2013-11-21 15:22:38 : Admin UserID Login started for fdddffdfd
2013-11-21 15:23:27 : Admin UserID Login started for fdddffdfd
2013-11-21 15:25:11 : Admin UserID Login started for fdddffdfd
2013-11-21 15:38:32 : Admin UserID Login started for fdddffdfd
2013-11-21 15:54:17 : Admin UserID Login started for dddddddd
2013-11-21 15:54:17 : Admin UserID Login ended for dddddddd at admin user id : . Status:err
2013-11-21 15:55:31 : Admin UserID Login started for dddddddd
2013-11-21 15:55:31 : Admin UserID Login ended for dddddddd. Status:err
2013-11-21 16:00:39 : Admin UserID Login started for tarryc
2013-11-21 16:00:39 : Admin UserID Login ended for tarryc. Status:err
2013-11-21 16:05:13 : Admin UserID Login started for tarryc
2013-11-21 16:05:13 : Admin UserID Login ended for tarryc. Status:ok
2013-11-21 16:06:59 : Admin UserID Login started for tarryc
2013-11-21 16:06:59 : Admin UserID Login ended for tarryc. Status:ok
2013-11-21 16:18:02 : Admin UserID Login started for tarryc
2013-11-21 16:18:02 : Admin UserID Login ended for tarryc. Status:ok
2013-11-21 16:59:10 : Admin UserID Login started for gggg
2013-11-21 16:59:10 : Admin UserID Login ended for gggg. Status:err
2013-11-21 17:00:09 : Admin UserID Login started for gggg
2013-11-21 17:00:09 : Admin UserID Login ended for gggg. Status:err
2013-11-21 17:00:23 : Admin UserID Login started for gggg
2013-11-21 17:00:23 : Admin UserID Login ended for gggg. Status:err
2013-11-21 17:03:13 : Admin UserID Login started for tarryc
2013-11-21 17:03:13 : Admin UserID Login ended for tarryc. Status:ok
2013-11-21 17:21:28 : Admin UserID Login started for tarryc
2013-11-21 17:21:28 : Admin UserID Login ended for tarryc. Status:ok
2013-11-21 17:22:34 : Admin UserID Login started for 
2013-11-21 17:22:34 : Admin UserID Login ended for . Status:err
2013-11-21 17:25:24 : Admin UserID Login started for tarryc
2013-11-21 17:25:24 : Admin UserID Login ended for tarryc. Status:ok
2013-11-21 17:53:19 : Admin UserID Login started for tarryc
2013-11-21 17:53:19 : Admin UserID Login ended for tarryc. Status:ok
2013-11-21 17:54:15 : Admin UserID Login started for tarryc
2013-11-21 17:54:15 : Admin UserID Login ended for tarryc. Status:ok
2013-11-21 17:56:30 : Admin UserID Login started for tarryc
2013-11-21 17:56:30 : Admin UserID Login ended for tarryc. Status:ok
2013-11-21 17:56:50 : Admin UserID Login started for tarryc
2013-11-21 17:56:50 : Admin UserID Login ended for tarryc. Status:ok
2013-11-21 18:09:25 : Admin UserID Login started for tarryc
2013-11-21 18:09:25 : Admin UserID Login ended for tarryc. Status:ok
2013-11-21 18:15:53 : Admin UserID Login started for tarryc
2013-11-21 18:15:53 : Admin UserID Login ended for tarryc. Status:ok
2013-11-21 18:17:00 : Admin UserID Login started for tarryc
2013-11-21 18:17:00 : Admin UserID Login ended for tarryc. Status:ok
2013-11-21 18:20:08 : Admin UserID Login started for tarryc
2013-11-21 18:20:08 : Admin UserID Login ended for tarryc. Status:ok
2013-11-21 18:25:07 : Admin UserID Login started for tarryc
2013-11-21 18:25:07 : Admin UserID Login ended for tarryc. Status:ok
2013-11-21 18:27:43 : Admin UserID Login started for tarryc
2013-11-21 18:27:43 : Admin UserID Login ended for tarryc. Status:ok
2013-11-21 18:27:55 : Admin UserID Login started for tarryc
2013-11-21 18:27:55 : Admin UserID Login ended for tarryc. Status:ok
2013-11-21 18:33:53 : Admin UserID Login started for tarryc
2013-11-21 18:33:53 : Admin UserID Login ended for tarryc. Status:ok
2013-11-21 18:36:00 : Admin UserID Login started for tarryc
2013-11-21 18:36:00 : Admin UserID Login ended for tarryc. Status:ok
2013-11-21 18:36:06 : Admin UserID Login started for 
2013-11-21 18:36:06 : Admin UserID Login ended for . Status:err
2013-11-21 18:38:02 : Admin UserID Login started for 
2013-11-21 18:38:02 : Admin UserID Login ended for . Status:err
2013-11-21 18:38:30 : Admin UserID Login started for tarryc
2013-11-21 18:38:30 : Admin UserID Login ended for tarryc. Status:err
2013-11-21 18:39:46 : Admin UserID Login started for tarryc
2013-11-21 18:39:46 : Admin UserID Login ended for tarryc. Status:ok
2013-11-21 18:39:56 : Admin UserID Login started for tarryc
2013-11-21 18:39:56 : Admin UserID Login ended for tarryc. Status:err
2013-11-21 18:40:14 : Admin UserID Login started for tarryc
2013-11-21 18:40:14 : Admin UserID Login ended for tarryc. Status:ok
2013-11-22 11:21:12 : Admin UserID Login started for tarryc
2013-11-22 11:21:12 : Admin UserID Login ended for tarryc. Status:ok
2013-11-22 11:21:33 : Admin UserID Login started for tarryc
2013-11-22 11:21:33 : Admin UserID Login ended for tarryc. Status:ok
2013-11-22 11:50:37 : Admin UserID Login started for tarryc
2013-11-22 11:50:37 : Admin UserID Login ended for tarryc. Status:ok
2013-11-22 11:50:50 : Admin UserID Login started for tarryc
2013-11-22 11:50:50 : Admin UserID Login ended for tarryc. Status:ok
2013-11-22 11:52:27 : Admin UserID Login started for tarryc
2013-11-22 11:52:27 : Admin UserID Login ended for tarryc. Status:ok
2013-11-22 11:53:55 : Admin UserID Login started for tarryc
2013-11-22 11:53:55 : Admin UserID Login ended for tarryc. Status:ok
2013-11-22 12:00:51 : Admin UserID Login started for tarryc
2013-11-22 12:00:51 : Admin UserID Login ended for tarryc. Status:ok
2013-11-22 12:39:00 : Admin UserID Login started for tarryc
2013-11-22 12:39:00 : Admin UserID Login ended for tarryc. Status:ok
2013-11-22 12:43:14 : Admin UserID Login started for tarryc
2013-11-22 12:43:14 : Admin UserID Login ended for tarryc. Status:ok
2013-11-22 14:19:04 : Admin UserID Login started for tarryc
2013-11-22 14:19:04 : Admin UserID Login ended for tarryc. Status:ok
2013-11-22 14:20:09 : Admin UserID Login started for tarryc
2013-11-22 14:20:09 : Admin UserID Login ended for tarryc. Status:ok
2013-11-22 14:20:49 : Admin UserID Login started for tarryc
2013-11-22 14:20:49 : Admin UserID Login ended for tarryc. Status:ok
2013-11-22 14:26:15 : Admin UserID Login started for tarryc
2013-11-22 14:26:15 : Admin UserID Login ended for tarryc. Status:ok
2013-11-22 14:30:35 : Admin UserID Login started for tarryc
2013-11-22 14:30:35 : Admin UserID Login ended for tarryc. Status:ok
2013-11-22 14:33:33 : Admin UserID Login started for tarryc
2013-11-22 14:33:33 : Admin UserID Login ended for tarryc. Status:ok
2013-11-22 14:34:20 : Admin UserID Login started for tarryc
2013-11-22 14:34:20 : Admin UserID Login ended for tarryc. Status:ok
2013-11-22 14:44:19 : Admin UserID Login started for tarryc
2013-11-22 14:44:19 : Admin UserID Login ended for tarryc. Status:ok
2013-11-22 14:44:32 : Admin UserID Login started for tarryc
2013-11-22 14:44:32 : Admin UserID Login ended for tarryc. Status:ok
2013-11-22 14:46:55 : Admin UserID Login started for tarryc
2013-11-22 14:46:55 : Admin UserID Login ended for tarryc. Status:ok
2013-11-22 14:47:21 : Admin UserID Login started for tarryc
2013-11-22 14:47:21 : Admin UserID Login ended for tarryc. Status:ok
2013-11-22 14:55:14 : Admin UserID Login started for tarryc
2013-11-22 14:55:14 : Admin UserID Login ended for tarryc. Status:ok
2013-11-22 14:56:22 : Admin UserID Login started for tarryc
2013-11-22 14:56:22 : Admin UserID Login ended for tarryc. Status:ok
2013-11-22 17:25:01 : Admin UserID Login started for Tttt
2013-11-22 17:25:01 : Admin UserID Login ended for Tttt. Status:err
2013-11-22 17:25:22 : Admin UserID Login started for tarryc
2013-11-22 17:25:22 : Admin UserID Login ended for tarryc. Status:ok
2013-11-23 09:53:33 : Admin UserID Login started for tarryc
2013-11-23 09:53:33 : Admin UserID Login ended for tarryc. Status:ok
2013-11-23 11:18:53 : Admin UserID Login started for tarryc
2013-11-23 11:18:53 : Admin UserID Login ended for tarryc. Status:ok
2013-11-23 11:21:39 : Admin UserID Login started for tarryc
2013-11-23 11:21:39 : Admin UserID Login ended for tarryc. Status:ok
2013-11-23 11:24:26 : Admin UserID Login started for tarryc
2013-11-23 11:24:26 : Admin UserID Login ended for tarryc. Status:ok
2013-11-23 11:31:01 : Admin UserID Login started for tarryc
2013-11-23 11:31:01 : Admin UserID Login ended for tarryc. Status:ok
2013-11-23 12:19:03 : Admin UserID Login started for tarryc
2013-11-23 12:19:03 : Admin UserID Login ended for tarryc. Status:ok
2013-11-23 12:28:48 : Admin UserID Login started for tarryc
2013-11-23 12:28:48 : Admin UserID Login ended for tarryc. Status:ok
2013-11-23 12:30:25 : Admin UserID Login started for tarryc
2013-11-23 12:30:25 : Admin UserID Login ended for tarryc. Status:ok
2013-11-23 12:36:17 : Admin UserID Login started for tarryc
2013-11-23 12:36:17 : Admin UserID Login ended for tarryc. Status:ok
2013-11-23 12:40:37 : Admin UserID Login started for ggggg
2013-11-23 12:40:37 : Admin UserID Login ended for ggggg. Status:err
2013-11-23 12:40:48 : Admin UserID Login started for tarryc
2013-11-23 12:40:48 : Admin UserID Login ended for tarryc. Status:ok
2013-11-23 13:05:21 : Admin UserID Login started for tarryc
2013-11-23 13:05:21 : Admin UserID Login ended for tarryc. Status:ok
2013-11-23 13:56:12 : Admin UserID Login started for tarryc
2013-11-23 13:56:12 : Admin UserID Login ended for tarryc. Status:ok
2013-11-23 13:57:13 : Admin UserID Login started for tarryc
2013-11-23 13:57:13 : Admin UserID Login ended for tarryc. Status:ok
2013-11-23 13:59:34 : Admin UserID Login started for tarryc
2013-11-23 13:59:34 : Admin UserID Login ended for tarryc. Status:ok
2013-11-23 13:59:55 : Admin UserID Login started for tarryc
2013-11-23 13:59:55 : Admin UserID Login ended for tarryc. Status:ok
2013-11-23 14:01:18 : Admin UserID Login started for tarryc
2013-11-23 14:01:18 : Admin UserID Login ended for tarryc. Status:ok
2013-11-23 14:01:58 : Admin UserID Login started for tarryc
2013-11-23 14:01:58 : Admin UserID Login ended for tarryc. Status:ok
2013-11-23 14:03:50 : Admin UserID Login started for tarryc
2013-11-23 14:03:50 : Admin UserID Login ended for tarryc. Status:ok
2013-11-23 14:04:04 : Admin UserID Login started for tarryc
2013-11-23 14:04:04 : Admin UserID Login ended for tarryc. Status:ok
2013-11-23 14:06:28 : Admin UserID Login started for tarryc
2013-11-23 14:06:28 : Admin UserID Login ended for tarryc. Status:ok
2013-11-25 18:25:29 : Admin UserID Login started for tarryc
2013-11-25 18:25:29 : Admin UserID Login ended for tarryc. Status:ok
2013-11-25 19:00:14 : Admin UserID Login started for tarryc
2013-11-25 19:00:14 : Admin UserID Login ended for tarryc. Status:ok
2013-11-26 09:33:04 : Admin UserID Login started for tarryc
2013-11-26 09:33:04 : Admin UserID Login ended for tarryc. Status:ok
2013-11-26 09:36:17 : Admin UserID Login started for tarryc
2013-11-26 09:36:17 : Admin UserID Login ended for tarryc. Status:ok
2013-11-26 09:50:24 : Admin UserID Login started for tarryc
2013-11-26 09:50:24 : Admin UserID Login ended for tarryc. Status:ok
2013-12-10 12:08:59 : Admin UserID Login started for tarryc
2013-12-10 12:08:59 : Admin UserID Login ended for tarryc. Status:ok
2013-12-10 12:09:03 : Admin UserID Login started for tarryc
2013-12-10 12:09:03 : Admin UserID Login ended for tarryc. Status:ok
2013-12-10 12:11:39 : Admin UserID Login started for tarryc
2013-12-10 12:11:39 : Admin UserID Login ended for tarryc. Status:ok
2013-12-10 12:13:04 : Admin UserID Login started for tarryc
2013-12-10 12:13:04 : Admin UserID Login ended for tarryc. Status:ok
2013-12-10 12:15:33 : Admin UserID Login started for tarryc
2013-12-10 12:15:33 : Admin UserID Login ended for tarryc. Status:ok
2013-12-10 12:15:55 : Admin UserID Login started for tarryc
2013-12-10 12:15:55 : Admin UserID Login ended for tarryc. Status:ok
2013-12-10 18:48:48 : Admin UserID Login started for tarryc
2013-12-10 18:48:48 : Admin UserID Login ended for tarryc. Status:err
2013-12-10 18:48:58 : Admin UserID Login started for tarryc
2013-12-10 18:48:58 : Admin UserID Login ended for tarryc. Status:ok
2013-12-14 09:00:38 : Admin UserID Login started for tarryc
2013-12-14 09:00:38 : Admin UserID Login ended for tarryc. Status:ok
2013-12-14 09:38:48 : Admin UserID Login started for tarryc
2013-12-14 09:38:48 : Admin UserID Login ended for tarryc. Status:ok
2013-12-14 10:15:19 : Admin UserID Login started for tarryc
2013-12-14 10:15:19 : Admin UserID Login ended for tarryc. Status:ok
2013-12-19 14:28:34 : Patient List request started.
2013-12-19 14:28:34 : Patient List request ended.
2013-12-19 14:28:36 : Patient List request started.
2013-12-19 14:28:36 : Patient List request ended.
2013-12-19 17:22:40 : Patient List request started.
2013-12-19 17:22:40 : Patient List request ended.
2013-12-19 17:28:24 : Patient List request started.
2013-12-19 17:28:24 : Patient List request ended.
2013-12-19 17:29:12 : Patient List request started.
2013-12-19 17:29:12 : Patient List request ended.
2013-12-19 17:30:12 : Patient List request started.
2013-12-19 17:30:12 : Patient List request ended.
2013-12-19 17:31:21 : Patient List request started.
2013-12-19 17:31:21 : Patient List request ended.
2013-12-19 17:31:59 : Patient List request started.
2013-12-19 17:31:59 : Patient List request ended.
2013-12-19 17:32:39 : Patient List request started.
2013-12-19 17:32:39 : Patient List request ended.
2013-12-19 17:33:23 : Patient List request started.
2013-12-19 17:33:23 : Patient List request ended.
2013-12-19 17:33:25 : Patient List request started.
2013-12-19 17:33:25 : Patient List request ended.
2013-12-19 17:33:27 : Patient List request started.
2013-12-19 17:33:27 : Patient List request ended.
2013-12-19 17:33:29 : Patient List request started.
2013-12-19 17:33:29 : Patient List request ended.
2013-12-19 17:33:31 : Patient List request started.
2013-12-19 17:33:31 : Patient List request ended.
2013-12-19 17:33:33 : Patient List request started.
2013-12-19 17:33:33 : Patient List request ended.
2013-12-19 17:41:54 : Patient List request started.
2013-12-19 17:41:54 : Patient List request ended.
2013-12-19 17:42:40 : Patient List request started.
2013-12-19 17:42:40 : Patient List request ended.
2013-12-19 17:42:50 : Patient List request started.
2013-12-19 17:42:50 : Patient List request ended.
2013-12-19 17:42:52 : Patient List request started.
2013-12-19 17:42:52 : Patient List request ended.
2013-12-19 17:42:53 : Patient List request started.
2013-12-19 17:42:53 : Patient List request ended.
2013-12-19 17:43:42 : Patient List request started.
2013-12-19 17:43:42 : Patient List request ended.
2013-12-19 17:44:27 : Patient List request started.
2013-12-19 17:44:27 : Patient List request ended.
2013-12-19 17:44:55 : Patient List request started.
2013-12-19 17:44:55 : Patient List request ended.
2013-12-19 17:44:58 : Patient List request started.
2013-12-19 17:44:58 : Patient List request ended.
2013-12-19 17:45:56 : Patient List request started.
2013-12-19 17:45:56 : Patient List request ended.
2013-12-19 17:45:58 : Patient List request started.
2013-12-19 17:45:58 : Patient List request ended.
2013-12-19 17:46:00 : Patient List request started.
2013-12-19 17:46:00 : Patient List request ended.
2013-12-19 17:47:43 : Patient List request started.
2013-12-19 17:47:43 : Patient List request ended.
2013-12-19 17:47:45 : Patient List request started.
2013-12-19 17:47:45 : Patient List request ended.
2013-12-19 17:47:46 : Patient List request started.
2013-12-19 17:47:46 : Patient List request ended.
2013-12-19 17:48:43 : Patient List request started.
2013-12-19 17:48:43 : Patient List request ended.
2013-12-19 17:48:45 : Patient List request started.
2013-12-19 17:48:45 : Patient List request ended.
2013-12-19 17:48:46 : Patient List request started.
2013-12-19 17:48:46 : Patient List request ended.
2013-12-19 17:49:30 : Patient List request started.
2013-12-19 17:49:30 : Patient List request ended.
2013-12-19 17:49:43 : Patient List request started.
2013-12-19 17:49:43 : Patient List request ended.
2013-12-19 17:59:16 : Patient List request started.
2013-12-19 17:59:16 : Patient List request ended.
2013-12-19 17:59:26 : Patient List request started.
2013-12-19 17:59:26 : Patient List request ended.
2013-12-19 17:59:27 : Patient List request started.
2013-12-19 17:59:27 : Patient List request ended.
2013-12-19 18:03:07 : Patient List request started.
2013-12-19 18:03:07 : Patient List request ended.
2013-12-19 18:03:09 : Patient List request started.
2013-12-19 18:03:09 : Patient List request ended.
2013-12-19 18:03:10 : Patient List request started.
2013-12-19 18:03:10 : Patient List request ended.
2013-12-19 18:04:14 : Patient List request started.
2013-12-19 18:04:14 : Patient List request ended.
2013-12-19 18:04:16 : Patient List request started.
2013-12-19 18:04:16 : Patient List request ended.
2013-12-19 18:04:18 : Patient List request started.
2013-12-19 18:04:18 : Patient List request ended.
2013-12-19 18:05:49 : Patient List request started.
2013-12-19 18:05:49 : Patient List request ended.
2013-12-19 18:06:19 : Patient List request started.
2013-12-19 18:06:19 : Patient List request ended.
2013-12-19 18:06:21 : Patient List request started.
2013-12-19 18:06:21 : Patient List request ended.
2013-12-19 18:06:22 : Patient List request started.
2013-12-19 18:06:22 : Patient List request ended.
2013-12-19 18:06:36 : Patient List request started.
2013-12-19 18:06:36 : Patient List request ended.
2013-12-19 18:06:44 : Patient List request started.
2013-12-19 18:06:44 : Patient List request ended.
2013-12-19 18:06:50 : Patient List request started.
2013-12-19 18:06:50 : Patient List request ended.
2013-12-19 18:11:00 : Patient List request started.
2013-12-19 18:11:00 : Patient List request ended.
2013-12-19 18:11:11 : Patient List request started.
2013-12-19 18:11:11 : Patient List request ended.
2013-12-19 18:11:18 : Patient List request started.
2013-12-19 18:11:18 : Patient List request ended.
2013-12-19 18:12:16 : Patient List request started.
2013-12-19 18:12:16 : Patient List request ended.
2013-12-19 18:12:17 : Patient List request started.
2013-12-19 18:12:17 : Patient List request ended.
2013-12-19 18:12:18 : Patient List request started.
2013-12-19 18:12:18 : Patient List request ended.
2013-12-19 18:12:39 : Patient List request started.
2013-12-19 18:12:39 : Patient List request ended.
2013-12-19 18:12:40 : Patient List request started.
2013-12-19 18:12:40 : Patient List request ended.
2013-12-19 18:12:42 : Patient List request started.
2013-12-19 18:12:42 : Patient List request ended.
2013-12-19 18:12:47 : Patient List request started.
2013-12-19 18:12:47 : Patient List request ended.
2013-12-19 18:12:50 : Patient List request started.
2013-12-19 18:12:50 : Patient List request ended.
2013-12-19 18:12:52 : Patient List request started.
2013-12-19 18:12:52 : Patient List request ended.
2013-12-19 18:12:53 : Patient List request started.
2013-12-19 18:12:53 : Patient List request ended.
2013-12-19 18:12:55 : Patient List request started.
2013-12-19 18:12:55 : Patient List request ended.
2013-12-19 18:12:59 : Patient List request started.
2013-12-19 18:12:59 : Patient List request ended.
2013-12-19 18:12:59 : Patient List request started.
2013-12-19 18:12:59 : Patient List request ended.
2013-12-19 18:13:03 : Patient List request started.
2013-12-19 18:13:03 : Patient List request ended.
2013-12-19 18:13:03 : Patient List request started.
2013-12-19 18:13:03 : Patient List request ended.
2013-12-19 18:13:05 : Patient List request started.
2013-12-19 18:13:05 : Patient List request ended.
2013-12-19 18:13:08 : Patient List request started.
2013-12-19 18:13:08 : Patient List request ended.
2013-12-19 18:13:09 : Patient List request started.
2013-12-19 18:13:09 : Patient List request ended.
2013-12-19 18:13:55 : Patient List request started.
2013-12-19 18:13:55 : Patient List request ended.
2013-12-20 16:20:00 : Patient List request started.
2013-12-20 16:20:00 : Patient List request ended.
2013-12-20 16:23:27 : Patient List request started.
2013-12-20 16:23:27 : Patient List request ended.
2013-12-20 16:23:42 : Patient List request started.
2013-12-20 16:23:42 : Patient List request ended.
2013-12-20 16:25:21 : Patient List request started.
2013-12-20 16:25:21 : Patient List request ended.
2013-12-20 16:26:46 : Patient List request started.
2013-12-20 16:26:46 : Patient List request ended.
2013-12-20 16:26:48 : Patient List request started.
2013-12-20 16:26:48 : Patient List request ended.
2013-12-20 16:33:05 : Patient List request started.
2013-12-20 16:33:05 : Patient List request ended.
2013-12-20 16:48:16 : Patient List request started.
2013-12-20 16:48:16 : Patient List request ended.
2013-12-20 16:50:31 : Patient List request started.
2013-12-20 16:50:31 : Patient List request ended.
2013-12-20 16:57:39 : Patient List request started.
2013-12-20 16:57:39 : Patient List request ended.
2013-12-22 11:36:02 : Patient List request started.
2013-12-22 11:36:02 : Patient List request ended.
2013-12-22 11:54:48 : Patient List request started.
2013-12-22 11:54:48 : Patient List request ended.
2013-12-22 11:55:18 : Patient List request started.
2013-12-22 11:55:18 : Patient List request ended.
2013-12-22 11:57:04 : Patient List request started.
2013-12-22 11:57:04 : Patient List request ended.
2013-12-22 12:00:05 : Patient List request started.
2013-12-22 12:00:05 : Patient List request ended.
2013-12-22 12:08:12 : Patient List request started.
2013-12-22 12:08:12 : Patient List request ended.
2013-12-22 12:08:14 : Patient List request started.
2013-12-22 12:08:14 : Patient List request ended.
2013-12-22 12:15:22 : Patient List request started.
2013-12-22 12:15:22 : Patient List request ended.
2013-12-22 12:16:18 : Patient List request started.
2013-12-22 12:16:18 : Patient List request ended.
2013-12-22 12:23:27 : Patient List request started.
2013-12-22 12:23:27 : Patient List request ended.
2013-12-23 15:31:35 : Patient List request started.
2013-12-23 15:31:35 : Patient List request ended.
2013-12-23 15:33:02 : Patient List request started.
2013-12-23 15:33:02 : Patient List request ended.
2013-12-23 15:33:38 : Patient List request started.
2013-12-23 15:33:38 : Patient List request ended.
2013-12-23 15:37:33 : Patient List request started.
2013-12-23 15:37:33 : Patient List request ended.
2013-12-23 15:38:01 : Patient List request started.
2013-12-23 15:38:01 : Patient List request ended.
2013-12-23 15:38:55 : Patient List request started.
2013-12-23 15:38:55 : Patient List request ended.
2013-12-23 15:42:06 : Patient List request started.
2013-12-23 15:42:06 : Patient List request ended.
2013-12-23 15:42:49 : Patient List request started.
2013-12-23 15:42:49 : Patient List request ended.
2013-12-23 15:43:17 : Patient List request started.
2013-12-23 15:43:17 : Patient List request ended.
2013-12-23 15:44:31 : Patient List request started.
2013-12-23 15:44:31 : Patient List request ended.
2013-12-23 15:45:17 : Patient List request started.
2013-12-23 15:45:17 : Patient List request ended.
2013-12-23 15:45:39 : Patient List request started.
2013-12-23 15:45:39 : Patient List request ended.
2013-12-23 15:45:50 : Patient List request started.
2013-12-23 15:45:50 : Patient List request ended.
2013-12-23 15:45:53 : Patient List request started.
2013-12-23 15:45:53 : Patient List request ended.
2013-12-23 15:45:54 : Patient List request started.
2013-12-23 15:45:54 : Patient List request ended.
2013-12-23 15:46:00 : Patient List request started.
2013-12-23 15:46:00 : Patient List request ended.
2013-12-23 15:46:06 : Patient List request started.
2013-12-23 15:46:06 : Patient List request ended.
2013-12-23 15:47:12 : Patient List request started.
2013-12-23 15:47:12 : Patient List request ended.
2013-12-23 15:49:34 : Patient List request started.
2013-12-23 15:49:34 : Patient List request ended.
2013-12-23 15:49:35 : Patient List request started.
2013-12-23 15:49:35 : Patient List request ended.
2013-12-23 15:50:47 : Patient List request started.
2013-12-23 15:50:47 : Patient List request ended.
2013-12-23 16:03:22 : Patient List request started.
2013-12-23 16:03:22 : Patient List request ended.
2013-12-23 16:06:31 : Patient List request started.
2013-12-23 16:06:31 : Patient List request ended.
2013-12-23 16:07:18 : Patient List request started.
2013-12-23 16:07:18 : Patient List request ended.
2013-12-23 16:09:30 : Patient List request started.
2013-12-23 16:09:30 : Patient List request ended.
2013-12-23 17:49:28 : Patient List request started.
2013-12-23 17:49:28 : Patient List request ended.
2013-12-23 17:56:50 : Patient List request started.
2013-12-23 17:56:50 : Patient List request ended.
2013-12-23 17:57:16 : Patient List request started.
2013-12-23 17:57:16 : Patient List request ended.
2013-12-23 18:35:43 : Patient List request started.
2013-12-23 18:35:43 : Patient List request ended.
2013-12-23 18:35:46 : Patient List request started.
2013-12-23 18:35:46 : Patient List request ended.
2013-12-23 18:35:50 : Patient List request started.
2013-12-23 18:35:50 : Patient List request ended.
2013-12-23 18:45:19 : Patient List request started.
2013-12-23 18:45:19 : Patient List request ended.
2013-12-23 18:45:21 : Patient List request started.
2013-12-23 18:45:21 : Patient List request ended.
2013-12-23 18:45:23 : Patient List request started.
2013-12-23 18:45:23 : Patient List request ended.
2013-12-23 18:47:52 : Patient List request started.
2013-12-23 18:47:52 : Patient List request ended.
2013-12-23 18:47:58 : Patient List request started.
2013-12-23 18:47:58 : Patient List request ended.
2013-12-23 18:47:59 : Patient List request started.
2013-12-23 18:47:59 : Patient List request ended.
2013-12-23 18:48:06 : Patient List request started.
2013-12-23 18:48:06 : Patient List request ended.
2013-12-23 18:48:06 : Patient List request started.
2013-12-23 18:48:06 : Patient List request ended.
2013-12-23 18:48:07 : Patient List request started.
2013-12-23 18:48:07 : Patient List request ended.
2013-12-23 18:48:07 : Patient List request started.
2013-12-23 18:48:07 : Patient List request ended.
2013-12-23 18:48:07 : Patient List request started.
2013-12-23 18:48:07 : Patient List request ended.
2013-12-23 18:48:07 : Patient List request started.
2013-12-23 18:48:07 : Patient List request ended.
2013-12-23 18:48:08 : Patient List request started.
2013-12-23 18:48:08 : Patient List request ended.
2013-12-23 18:48:08 : Patient List request started.
2013-12-23 18:48:08 : Patient List request ended.
2013-12-23 18:48:08 : Patient List request started.
2013-12-23 18:48:08 : Patient List request ended.
2013-12-23 18:48:09 : Patient List request started.
2013-12-23 18:48:09 : Patient List request ended.
2013-12-23 18:51:38 : Patient List request started.
2013-12-23 18:51:38 : Patient List request ended.
2013-12-23 18:51:40 : Patient List request started.
2013-12-23 18:51:40 : Patient List request ended.
2013-12-23 18:52:32 : Patient List request started.
2013-12-23 18:52:32 : Patient List request ended.
2013-12-23 18:52:34 : Patient List request started.
2013-12-23 18:52:34 : Patient List request ended.
2013-12-23 18:52:36 : Patient List request started.
2013-12-23 18:52:36 : Patient List request ended.
2013-12-23 18:55:09 : Patient List request started.
2013-12-23 18:55:09 : Patient List request ended.
2013-12-23 18:55:11 : Patient List request started.
2013-12-23 18:55:11 : Patient List request ended.
2013-12-23 18:55:12 : Patient List request started.
2013-12-23 18:55:12 : Patient List request ended.
2013-12-23 18:56:34 : Patient List request started.
2013-12-23 18:56:34 : Patient List request ended.
2013-12-23 18:56:40 : Patient List request started.
2013-12-23 18:56:40 : Patient List request ended.
2013-12-31 10:57:44 : Admin UserID Login started for tarryc
2013-12-31 10:57:44 : Admin UserID Login ended for tarryc. Status:ok
2013-12-31 10:58:15 : Patient List request started.
2013-12-31 10:58:15 : Patient List request ended.
2013-12-31 10:58:40 : Patient List request started.
2013-12-31 10:58:40 : Patient List request ended.
2013-12-31 10:58:40 : Patient List request started.
2013-12-31 10:58:40 : Patient List request ended.
2013-12-31 10:58:41 : Patient List request started.
2013-12-31 10:58:41 : Patient List request ended.
2013-12-31 10:58:41 : Patient List request started.
2013-12-31 10:58:41 : Patient List request ended.
2013-12-31 10:58:41 : Patient List request started.
2013-12-31 10:58:41 : Patient List request ended.
2013-12-31 10:58:41 : Patient List request started.
2013-12-31 10:58:41 : Patient List request ended.
2013-12-31 10:58:42 : Patient List request started.
2013-12-31 10:58:42 : Patient List request ended.
2013-12-31 10:58:42 : Patient List request started.
2013-12-31 10:58:42 : Patient List request ended.
2013-12-31 10:58:44 : Patient List request started.
2013-12-31 10:58:44 : Patient List request ended.
2013-12-31 10:58:44 : Patient List request started.
2013-12-31 10:58:44 : Patient List request ended.
2013-12-31 10:58:45 : Patient List request started.
2013-12-31 10:58:45 : Patient List request ended.
2013-12-31 10:58:57 : Patient List request started.
2013-12-31 10:58:57 : Patient List request ended.
2013-12-31 10:58:57 : Patient List request started.
2013-12-31 10:58:57 : Patient List request ended.
2013-12-31 10:58:57 : Patient List request started.
2013-12-31 10:58:57 : Patient List request ended.
2013-12-31 10:58:57 : Patient List request started.
2013-12-31 10:58:57 : Patient List request ended.
2013-12-31 10:58:58 : Patient List request started.
2013-12-31 10:58:58 : Patient List request ended.
2013-12-31 10:58:58 : Patient List request started.
2013-12-31 10:58:58 : Patient List request ended.
2013-12-31 10:58:58 : Patient List request started.
2013-12-31 10:58:58 : Patient List request ended.
2013-12-31 10:58:58 : Patient List request started.
2013-12-31 10:58:58 : Patient List request ended.
2013-12-31 10:58:59 : Patient List request started.
2013-12-31 10:58:59 : Patient List request ended.
2013-12-31 11:48:51 : Patient List request started.
2013-12-31 11:48:51 : Patient List request ended.
2013-12-31 12:41:01 : Patient List request started.
2013-12-31 12:41:01 : Patient List request ended.
2013-12-31 12:41:10 : Patient List request started.
2013-12-31 12:41:10 : Patient List request ended.
2013-12-31 12:42:57 : Patient List request started.
2013-12-31 12:42:57 : Patient List request ended.
2013-12-31 12:43:24 : Provider List request started.
2013-12-31 12:43:24 : Provider List request ended.
2013-12-31 12:48:26 : Patient List request started.
2013-12-31 12:48:26 : Patient List request ended.
2013-12-31 12:48:26 : Patient List request started.
2013-12-31 12:48:26 : Patient List request ended.
2013-12-31 12:48:28 : Patient List request started.
2013-12-31 12:48:28 : Patient List request ended.
2013-12-31 12:48:36 : Provider List request started.
2013-12-31 12:48:36 : Provider List request ended.
2013-12-31 12:48:38 : Provider List request started.
2013-12-31 12:48:38 : Provider List request ended.
2013-12-31 12:51:36 : Patient List request started.
2013-12-31 12:51:36 : Patient List request ended.
2013-12-31 12:51:42 : Provider List request started.
2013-12-31 12:51:42 : Provider List request ended.
2013-12-31 12:51:43 : Provider List request started.
2013-12-31 12:51:43 : Provider List request ended.
2013-12-31 12:58:04 : Patient List request started.
2013-12-31 12:58:04 : Patient List request ended.
2013-12-31 12:58:09 : Provider List request started.
2013-12-31 12:58:09 : Provider List request ended.
2013-12-31 12:58:09 : Provider List request started.
2013-12-31 12:58:09 : Provider List request ended.
2013-12-31 13:00:27 : Patient List request started.
2013-12-31 13:00:27 : Patient List request ended.
2013-12-31 13:00:43 : Provider List request started.
2013-12-31 13:00:43 : Provider List request ended.
2013-12-31 13:00:44 : Provider List request started.
2013-12-31 13:00:44 : Provider List request ended.
2013-12-31 13:11:41 : Patient List request started.
2013-12-31 13:11:41 : Patient List request ended.
2013-12-31 13:11:46 : Provider List request started.
2013-12-31 13:11:46 : Provider List request ended.
2013-12-31 13:11:46 : Provider List request started.
2013-12-31 13:11:46 : Provider List request ended.
2013-12-31 13:18:15 : Patient List request started.
2013-12-31 13:18:15 : Patient List request ended.
2013-12-31 13:18:20 : Provider List request started.
2013-12-31 13:18:20 : Provider List request ended.
2013-12-31 13:18:20 : Provider List request started.
2013-12-31 13:18:20 : Provider List request ended.
2013-12-31 13:18:48 : Patient List request started.
2013-12-31 13:18:48 : Patient List request ended.
2013-12-31 13:18:54 : Provider List request started.
2013-12-31 13:18:54 : Provider List request ended.
2013-12-31 13:18:54 : Provider List request started.
2013-12-31 13:18:54 : Provider List request ended.
2013-12-31 13:20:21 : Patient List request started.
2013-12-31 13:20:21 : Patient List request ended.
2013-12-31 13:20:34 : Provider List request started.
2013-12-31 13:20:34 : Provider List request ended.
2013-12-31 13:20:35 : Provider List request started.
2013-12-31 13:20:35 : Provider List request ended.
2013-12-31 13:33:21 : Patient List request started.
2013-12-31 13:33:21 : Patient List request ended.
2013-12-31 13:33:27 : Provider List request started.
2013-12-31 13:33:27 : Provider List request ended.
2013-12-31 13:33:27 : Provider List request started.
2013-12-31 13:33:27 : Provider List request ended.
2013-12-31 13:35:18 : Patient List request started.
2013-12-31 13:35:18 : Patient List request ended.
2013-12-31 13:35:25 : Provider List request started.
2013-12-31 13:35:25 : Provider List request ended.
2013-12-31 13:35:28 : Provider List request started.
2013-12-31 13:35:28 : Provider List request ended.
2013-12-31 13:35:29 : Provider List request started.
2013-12-31 13:35:29 : Provider List request ended.
2013-12-31 14:06:13 : Patient List request started.
2013-12-31 14:06:13 : Patient List request ended.
2013-12-31 14:06:14 : Patient List request started.
2013-12-31 14:06:14 : Patient List request ended.
2013-12-31 14:06:20 : Provider List request started.
2013-12-31 14:06:20 : Provider List request ended.
2013-12-31 14:17:13 : Patient List request started.
2013-12-31 14:17:13 : Patient List request ended.
2013-12-31 14:18:23 : Patient List request started.
2013-12-31 14:18:23 : Patient List request ended.
2013-12-31 14:18:32 : Provider List request started.
2013-12-31 14:18:32 : Provider List request ended.
2013-12-31 14:28:38 : Patient List request started.
2013-12-31 14:28:38 : Patient List request ended.
2013-12-31 14:29:21 : Provider List request started.
2013-12-31 14:29:21 : Provider List request ended.
2013-12-31 14:33:29 : Patient List request started.
2013-12-31 14:33:29 : Patient List request ended.
2013-12-31 14:33:34 : Provider List request started.
2013-12-31 14:33:34 : Provider List request ended.
2013-12-31 14:38:27 : Provider List request started.
2013-12-31 14:38:27 : Provider List request ended.
2013-12-31 14:38:43 : Patient List request started.
2013-12-31 14:38:43 : Patient List request ended.
2013-12-31 14:38:44 : Patient List request started.
2013-12-31 14:38:44 : Patient List request ended.
2013-12-31 14:38:44 : Patient List request started.
2013-12-31 14:38:44 : Patient List request ended.
2013-12-31 14:38:44 : Patient List request started.
2013-12-31 14:38:44 : Patient List request ended.
2013-12-31 14:38:44 : Patient List request started.
2013-12-31 14:38:44 : Patient List request ended.
2013-12-31 14:38:44 : Patient List request started.
2013-12-31 14:38:44 : Patient List request ended.
2013-12-31 14:38:45 : Patient List request started.
2013-12-31 14:38:45 : Patient List request ended.
2013-12-31 14:38:45 : Patient List request started.
2013-12-31 14:38:45 : Patient List request ended.
2013-12-31 14:38:45 : Patient List request started.
2013-12-31 14:38:45 : Patient List request ended.
2013-12-31 14:38:53 : Provider List request started.
2013-12-31 14:38:53 : Provider List request ended.
2013-12-31 14:38:56 : Provider List request started.
2013-12-31 14:38:56 : Provider List request ended.
2013-12-31 14:38:59 : Provider List request started.
2013-12-31 14:38:59 : Provider List request ended.
2013-12-31 14:44:55 : Provider List request started.
2013-12-31 14:44:55 : Provider List request ended.
2013-12-31 14:45:27 : Provider List request started.
2013-12-31 14:45:27 : Provider List request ended.
2013-12-31 14:45:29 : Provider List request started.
2013-12-31 14:45:29 : Provider List request ended.
2013-12-31 14:45:31 : Provider List request started.
2013-12-31 14:45:31 : Provider List request ended.
2013-12-31 14:45:38 : Provider List request started.
2013-12-31 14:45:38 : Provider List request ended.
2013-12-31 14:45:39 : Provider List request started.
2013-12-31 14:45:39 : Provider List request ended.
2013-12-31 14:46:30 : Provider List request started.
2013-12-31 14:46:30 : Provider List request ended.
2013-12-31 14:47:33 : Patient List request started.
2013-12-31 14:47:33 : Patient List request ended.
2013-12-31 14:47:37 : Provider List request started.
2013-12-31 14:47:37 : Provider List request ended.
2013-12-31 14:47:38 : Provider List request started.
2013-12-31 14:47:38 : Provider List request ended.
2013-12-31 14:47:40 : Provider List request started.
2013-12-31 14:47:40 : Provider List request ended.
2013-12-31 14:51:28 : Patient List request started.
2013-12-31 14:51:28 : Patient List request ended.
2013-12-31 14:51:32 : Provider List request started.
2013-12-31 14:51:32 : Provider List request ended.
2013-12-31 14:51:33 : Provider List request started.
2013-12-31 14:51:33 : Provider List request ended.
2013-12-31 14:51:33 : Provider List request started.
2013-12-31 14:51:33 : Provider List request ended.
2013-12-31 15:33:53 : Patient List request started.
2013-12-31 15:33:53 : Patient List request ended.
2013-12-31 15:33:58 : Provider List request started.
2013-12-31 15:33:58 : Provider List request ended.
2013-12-31 15:33:59 : Provider List request started.
2013-12-31 15:33:59 : Provider List request ended.
2013-12-31 15:34:00 : Provider List request started.
2013-12-31 15:34:00 : Provider List request ended.
2013-12-31 15:42:23 : Patient List request started.
2013-12-31 15:42:23 : Patient List request ended.
2013-12-31 15:43:47 : Provider List request started.
2013-12-31 15:43:47 : Provider List request ended.
2013-12-31 15:43:48 : Provider List request started.
2013-12-31 15:43:48 : Provider List request ended.
2013-12-31 15:43:48 : Provider List request started.
2013-12-31 15:43:48 : Provider List request ended.
2013-12-31 15:45:26 : Patient List request started.
2013-12-31 15:45:26 : Patient List request ended.
2013-12-31 15:45:30 : Provider List request started.
2013-12-31 15:45:30 : Provider List request ended.
2013-12-31 15:45:31 : Provider List request started.
2013-12-31 15:45:31 : Provider List request ended.
2013-12-31 15:55:36 : Patient List request started.
2013-12-31 15:55:36 : Patient List request ended.
2013-12-31 15:55:40 : Provider List request started.
2013-12-31 15:55:40 : Provider List request ended.
2013-12-31 15:55:41 : Provider List request started.
2013-12-31 15:55:41 : Provider List request ended.
2013-12-31 16:15:20 : Patient List request started.
2013-12-31 16:15:20 : Patient List request ended.
2013-12-31 16:15:27 : Provider List request started.
2013-12-31 16:15:27 : Provider List request ended.
2014-01-01 10:21:30 : Patient List request started.
2014-01-01 10:21:30 : Patient List request ended.
2014-01-01 10:21:35 : Provider List request started.
2014-01-01 10:21:35 : Provider List request ended.
2014-01-01 10:21:36 : Provider List request started.
2014-01-01 10:21:36 : Provider List request ended.
2014-01-01 10:21:37 : Provider List request started.
2014-01-01 10:21:37 : Provider List request ended.
2014-01-01 10:24:10 : Patient List request started.
2014-01-01 10:24:10 : Patient List request ended.
2014-01-01 10:24:14 : Provider List request started.
2014-01-01 10:24:14 : Provider List request ended.
2014-01-01 10:24:14 : Provider List request started.
2014-01-01 10:24:14 : Provider List request ended.
2014-01-01 10:30:04 : Patient List request started.
2014-01-01 10:30:04 : Patient List request ended.
2014-01-01 10:30:09 : Provider List request started.
2014-01-01 10:30:09 : Provider List request ended.
2014-01-01 10:30:09 : Provider List request started.
2014-01-01 10:30:09 : Provider List request ended.
2014-01-01 10:30:12 : Provider List request started.
2014-01-01 10:30:12 : Provider List request ended.
2014-01-01 10:30:55 : Patient List request started.
2014-01-01 10:30:55 : Patient List request ended.
2014-01-01 10:30:57 : Patient List request started.
2014-01-01 10:30:57 : Patient List request ended.
2014-01-01 10:30:58 : Patient List request started.
2014-01-01 10:30:58 : Patient List request ended.
2014-01-01 10:30:58 : Patient List request started.
2014-01-01 10:30:58 : Patient List request ended.
2014-01-01 10:30:58 : Patient List request started.
2014-01-01 10:30:58 : Patient List request ended.
2014-01-01 10:30:58 : Patient List request started.
2014-01-01 10:30:58 : Patient List request ended.
2014-01-01 10:30:58 : Patient List request started.
2014-01-01 10:30:58 : Patient List request ended.
2014-01-01 10:30:59 : Patient List request started.
2014-01-01 10:30:59 : Patient List request ended.
2014-01-01 10:31:05 : Provider List request started.
2014-01-01 10:31:05 : Provider List request ended.
2014-01-01 10:31:06 : Provider List request started.
2014-01-01 10:31:06 : Provider List request ended.
2014-01-01 10:31:06 : Provider List request started.
2014-01-01 10:31:06 : Provider List request ended.
2014-01-01 10:31:06 : Provider List request started.
2014-01-01 10:31:06 : Provider List request ended.
2014-01-01 10:31:07 : Provider List request started.
2014-01-01 10:31:07 : Provider List request ended.
2014-01-01 10:31:07 : Provider List request started.
2014-01-01 10:31:07 : Provider List request ended.
2014-01-01 10:31:07 : Provider List request started.
2014-01-01 10:31:07 : Provider List request ended.
2014-01-01 10:31:25 : Patient List request started.
2014-01-01 10:31:25 : Patient List request ended.
2014-01-01 10:31:26 : Patient List request started.
2014-01-01 10:31:26 : Patient List request ended.
2014-01-01 10:31:26 : Patient List request started.
2014-01-01 10:31:26 : Patient List request ended.
2014-01-01 10:31:38 : Patient List request started.
2014-01-01 10:31:38 : Patient List request ended.
2014-01-01 10:31:38 : Patient List request started.
2014-01-01 10:31:38 : Patient List request ended.
2014-01-01 10:31:39 : Patient List request started.
2014-01-01 10:31:39 : Patient List request ended.
2014-01-01 10:31:40 : Patient List request started.
2014-01-01 10:31:40 : Patient List request ended.
2014-01-01 10:31:48 : Provider List request started.
2014-01-01 10:31:48 : Provider List request ended.
2014-01-01 10:31:48 : Provider List request started.
2014-01-01 10:31:48 : Provider List request ended.
2014-01-01 10:31:48 : Provider List request started.
2014-01-01 10:31:48 : Provider List request ended.
2014-01-01 10:31:54 : Provider List request started.
2014-01-01 10:31:54 : Provider List request ended.
2014-01-01 10:31:54 : Provider List request started.
2014-01-01 10:31:54 : Provider List request ended.
2014-01-01 10:31:55 : Provider List request started.
2014-01-01 10:31:55 : Provider List request ended.
2014-01-01 10:32:01 : Provider List request started.
2014-01-01 10:32:01 : Provider List request ended.
2014-01-01 10:32:05 : Provider List request started.
2014-01-01 10:32:05 : Provider List request ended.
2014-01-01 10:32:06 : Provider List request started.
2014-01-01 10:32:06 : Provider List request ended.
2014-01-01 10:32:08 : Provider List request started.
2014-01-01 10:32:08 : Provider List request ended.
2014-01-01 10:32:13 : Provider List request started.
2014-01-01 10:32:13 : Provider List request ended.
2014-01-01 10:34:34 : Provider List request started.
2014-01-01 10:34:34 : Provider List request ended.
2014-01-01 10:34:34 : Provider List request started.
2014-01-01 10:34:34 : Provider List request ended.
2014-01-01 10:34:35 : Provider List request started.
2014-01-01 10:34:35 : Provider List request ended.
2014-01-01 10:34:35 : Provider List request started.
2014-01-01 10:34:35 : Provider List request ended.
2014-01-01 10:34:35 : Provider List request started.
2014-01-01 10:34:35 : Provider List request ended.
2014-01-01 10:34:36 : Provider List request started.
2014-01-01 10:34:36 : Provider List request ended.
2014-01-01 10:34:39 : Provider List request started.
2014-01-01 10:34:39 : Provider List request ended.
2014-01-01 10:34:58 : Patient List request started.
2014-01-01 10:34:58 : Patient List request ended.
2014-01-01 10:38:44 : Patient List request started.
2014-01-01 10:38:44 : Patient List request sql start.
2014-01-01 10:38:44 : SELECT CONCAT(pa.firstname, ' ', pa.lastname) name, 
email, mobilephone, address1, address2, city, state, zip, pa.id AS patientid
FROM hapatienttbl pa
INNER JOIN hapatientaddresstbl adr ON pa.ID = adr.patientid AND addresstype = 'primary'
LEFT JOIN haaddresstbl ad ON ad.ID = adr.addressid 
WHERE firstname LIKE 'Tarry C%' OR lastname LIKE 'Tarry C%'
LIMIT 5
2014-01-01 10:38:44 : Patient List request sql end.
2014-01-01 10:38:44 : Patient List request ended.
2014-01-01 10:41:59 : Patient List request started.
2014-01-01 10:41:59 : Patient List request sql start.
2014-01-01 10:41:59 : SELECT CONCAT(pa.firstname, ' ', pa.lastname) name, 
email, mobilephone, address1, address2, city, state, zip, pa.id AS patientid
FROM hapatienttbl pa
INNER JOIN hapatientaddresstbl adr ON pa.ID = adr.patientid AND addresstype = 'primary'
LEFT JOIN haaddresstbl ad ON ad.ID = adr.addressid 
WHERE firstname LIKE 'Tarry Cu%' OR lastname LIKE 'Tarry Cu%'
LIMIT 5
2014-01-01 10:41:59 : Patient List request sql end.
2014-01-01 10:41:59 : Patient List request ended.
2014-01-01 10:45:35 : Patient List request started.
2014-01-01 10:45:35 : Patient List request sql start.
2014-01-01 10:45:35 : SELECT CONCAT(pa.firstname, ' ', pa.lastname) name, 
email, mobilephone, address1, address2, city, state, zip, pa.id AS patientid
FROM hapatienttbl pa
INNER JOIN hapatientaddresstbl adr ON pa.ID = adr.patientid AND addresstype = 'primary'
LEFT JOIN haaddresstbl ad ON ad.ID = adr.addressid 
WHERE firstname LIKE '"T"%' OR lastname LIKE '"T"%'
LIMIT 5
2014-01-01 10:45:35 : Patient List request sql end.
2014-01-01 10:45:35 : Patient List request ended.
2014-01-01 10:46:09 : Patient List request started.
2014-01-01 10:46:09 : Patient List request sql start.
2014-01-01 10:46:09 : SELECT CONCAT(pa.firstname, ' ', pa.lastname) name, 
email, mobilephone, address1, address2, city, state, zip, pa.id AS patientid
FROM hapatienttbl pa
INNER JOIN hapatientaddresstbl adr ON pa.ID = adr.patientid AND addresstype = 'primary'
LEFT JOIN haaddresstbl ad ON ad.ID = adr.addressid 
WHERE firstname LIKE '"Ta"%' OR lastname LIKE '"Ta"%'
LIMIT 5
2014-01-01 10:46:09 : Patient List request sql end.
2014-01-01 10:46:09 : Patient List request ended.
2014-01-01 10:46:22 : Patient List request started.
2014-01-01 10:46:22 : Patient List request sql start.
2014-01-01 10:46:22 : SELECT CONCAT(pa.firstname, ' ', pa.lastname) name, 
email, mobilephone, address1, address2, city, state, zip, pa.id AS patientid
FROM hapatienttbl pa
INNER JOIN hapatientaddresstbl adr ON pa.ID = adr.patientid AND addresstype = 'primary'
LEFT JOIN haaddresstbl ad ON ad.ID = adr.addressid 
WHERE firstname LIKE '"Tar"%' OR lastname LIKE '"Tar"%'
LIMIT 5
2014-01-01 10:46:22 : Patient List request sql end.
2014-01-01 10:46:22 : Patient List request ended.
2014-01-01 10:46:23 : Patient List request started.
2014-01-01 10:46:23 : Patient List request sql start.
2014-01-01 10:46:23 : SELECT CONCAT(pa.firstname, ' ', pa.lastname) name, 
email, mobilephone, address1, address2, city, state, zip, pa.id AS patientid
FROM hapatienttbl pa
INNER JOIN hapatientaddresstbl adr ON pa.ID = adr.patientid AND addresstype = 'primary'
LEFT JOIN haaddresstbl ad ON ad.ID = adr.addressid 
WHERE firstname LIKE '"Tarr"%' OR lastname LIKE '"Tarr"%'
LIMIT 5
2014-01-01 10:46:23 : Patient List request sql end.
2014-01-01 10:46:23 : Patient List request ended.
2014-01-01 10:47:58 : Patient List request started for patientname = T
2014-01-01 10:47:58 : Patient List request sql start.
2014-01-01 10:47:58 : SELECT CONCAT(pa.firstname, ' ', pa.lastname) name, 
email, mobilephone, address1, address2, city, state, zip, pa.id AS patientid
FROM hapatienttbl pa
INNER JOIN hapatientaddresstbl adr ON pa.ID = adr.patientid AND addresstype = 'primary'
LEFT JOIN haaddresstbl ad ON ad.ID = adr.addressid 
WHERE firstname LIKE 'T%' OR lastname LIKE 'T%'
LIMIT 5
2014-01-01 10:47:58 : Patient List request sql end.
2014-01-01 10:47:58 : Patient List request ended.
2014-01-01 10:50:37 : Patient List request started for patientname = Ta
2014-01-01 10:50:37 : Patient List request sql start.
2014-01-01 10:50:37 : SELECT CONCAT(pa.firstname, ' ', pa.lastname) name, 
email, mobilephone, address1, address2, city, state, zip, pa.id AS patientid
FROM hapatienttbl pa
INNER JOIN hapatientaddresstbl adr ON pa.ID = adr.patientid AND addresstype = 'primary'
LEFT JOIN haaddresstbl ad ON ad.ID = adr.addressid 
WHERE CONCAT(pa.firstname, ' ', pa.lastname) LIKE 'Ta%' 
LIMIT 5
2014-01-01 10:50:37 : Patient List request sql end.
2014-01-01 10:50:37 : Patient List request ended.
2014-01-01 10:50:38 : Patient List request started for patientname = Tar
2014-01-01 10:50:38 : Patient List request sql start.
2014-01-01 10:50:38 : SELECT CONCAT(pa.firstname, ' ', pa.lastname) name, 
email, mobilephone, address1, address2, city, state, zip, pa.id AS patientid
FROM hapatienttbl pa
INNER JOIN hapatientaddresstbl adr ON pa.ID = adr.patientid AND addresstype = 'primary'
LEFT JOIN haaddresstbl ad ON ad.ID = adr.addressid 
WHERE CONCAT(pa.firstname, ' ', pa.lastname) LIKE 'Tar%' 
LIMIT 5
2014-01-01 10:50:38 : Patient List request sql end.
2014-01-01 10:50:38 : Patient List request ended.
2014-01-01 10:50:39 : Patient List request started for patientname = Tarr
2014-01-01 10:50:39 : Patient List request sql start.
2014-01-01 10:50:39 : SELECT CONCAT(pa.firstname, ' ', pa.lastname) name, 
email, mobilephone, address1, address2, city, state, zip, pa.id AS patientid
FROM hapatienttbl pa
INNER JOIN hapatientaddresstbl adr ON pa.ID = adr.patientid AND addresstype = 'primary'
LEFT JOIN haaddresstbl ad ON ad.ID = adr.addressid 
WHERE CONCAT(pa.firstname, ' ', pa.lastname) LIKE 'Tarr%' 
LIMIT 5
2014-01-01 10:50:39 : Patient List request sql end.
2014-01-01 10:50:39 : Patient List request ended.
2014-01-01 10:50:39 : Patient List request started for patientname = Tarry
2014-01-01 10:50:39 : Patient List request sql start.
2014-01-01 10:50:39 : SELECT CONCAT(pa.firstname, ' ', pa.lastname) name, 
email, mobilephone, address1, address2, city, state, zip, pa.id AS patientid
FROM hapatienttbl pa
INNER JOIN hapatientaddresstbl adr ON pa.ID = adr.patientid AND addresstype = 'primary'
LEFT JOIN haaddresstbl ad ON ad.ID = adr.addressid 
WHERE CONCAT(pa.firstname, ' ', pa.lastname) LIKE 'Tarry%' 
LIMIT 5
2014-01-01 10:50:39 : Patient List request sql end.
2014-01-01 10:50:39 : Patient List request ended.
2014-01-01 10:50:42 : Patient List request started for patientname = Tarry C
2014-01-01 10:50:42 : Patient List request sql start.
2014-01-01 10:50:42 : SELECT CONCAT(pa.firstname, ' ', pa.lastname) name, 
email, mobilephone, address1, address2, city, state, zip, pa.id AS patientid
FROM hapatienttbl pa
INNER JOIN hapatientaddresstbl adr ON pa.ID = adr.patientid AND addresstype = 'primary'
LEFT JOIN haaddresstbl ad ON ad.ID = adr.addressid 
WHERE CONCAT(pa.firstname, ' ', pa.lastname) LIKE 'Tarry C%' 
LIMIT 5
2014-01-01 10:50:42 : Patient List request sql end.
2014-01-01 10:50:42 : Patient List request ended.
2014-01-01 10:50:43 : Patient List request started for patientname = Tarry Cu
2014-01-01 10:50:43 : Patient List request sql start.
2014-01-01 10:50:43 : SELECT CONCAT(pa.firstname, ' ', pa.lastname) name, 
email, mobilephone, address1, address2, city, state, zip, pa.id AS patientid
FROM hapatienttbl pa
INNER JOIN hapatientaddresstbl adr ON pa.ID = adr.patientid AND addresstype = 'primary'
LEFT JOIN haaddresstbl ad ON ad.ID = adr.addressid 
WHERE CONCAT(pa.firstname, ' ', pa.lastname) LIKE 'Tarry Cu%' 
LIMIT 5
2014-01-01 10:50:43 : Patient List request sql end.
2014-01-01 10:50:43 : Patient List request ended.
2014-01-01 10:52:41 : Patient List request started for patientname = C
2014-01-01 10:52:41 : Patient List request sql start.
2014-01-01 10:52:41 : SELECT CONCAT(pa.firstname, ' ', pa.lastname) name, 
email, mobilephone, address1, address2, city, state, zip, pa.id AS patientid
FROM hapatienttbl pa
INNER JOIN hapatientaddresstbl adr ON pa.ID = adr.patientid AND addresstype = 'primary'
LEFT JOIN haaddresstbl ad ON ad.ID = adr.addressid 
WHERE CONCAT(pa.firstname, ' ', pa.lastname) LIKE 'C%' 
LIMIT 5
2014-01-01 10:52:41 : Patient List request sql end.
2014-01-01 10:52:41 : Patient List request ended.
2014-01-01 10:52:43 : Patient List request started for patientname = Cu
2014-01-01 10:52:43 : Patient List request sql start.
2014-01-01 10:52:43 : SELECT CONCAT(pa.firstname, ' ', pa.lastname) name, 
email, mobilephone, address1, address2, city, state, zip, pa.id AS patientid
FROM hapatienttbl pa
INNER JOIN hapatientaddresstbl adr ON pa.ID = adr.patientid AND addresstype = 'primary'
LEFT JOIN haaddresstbl ad ON ad.ID = adr.addressid 
WHERE CONCAT(pa.firstname, ' ', pa.lastname) LIKE 'Cu%' 
LIMIT 5
2014-01-01 10:52:43 : Patient List request sql end.
2014-01-01 10:52:43 : Patient List request ended.
2014-01-01 10:52:44 : Patient List request started for patientname = Cut
2014-01-01 10:52:44 : Patient List request sql start.
2014-01-01 10:52:44 : SELECT CONCAT(pa.firstname, ' ', pa.lastname) name, 
email, mobilephone, address1, address2, city, state, zip, pa.id AS patientid
FROM hapatienttbl pa
INNER JOIN hapatientaddresstbl adr ON pa.ID = adr.patientid AND addresstype = 'primary'
LEFT JOIN haaddresstbl ad ON ad.ID = adr.addressid 
WHERE CONCAT(pa.firstname, ' ', pa.lastname) LIKE 'Cut%' 
LIMIT 5
2014-01-01 10:52:44 : Patient List request sql end.
2014-01-01 10:52:44 : Patient List request ended.
2014-01-01 10:53:37 : Patient List request started for patientname = Cutl
2014-01-01 10:53:37 : Patient List request sql start.
2014-01-01 10:53:37 : SELECT CONCAT(pa.firstname, ' ', pa.lastname) name, 
email, mobilephone, address1, address2, city, state, zip, pa.id AS patientid
FROM hapatienttbl pa
INNER JOIN hapatientaddresstbl adr ON pa.ID = adr.patientid AND addresstype = 'primary'
LEFT JOIN haaddresstbl ad ON ad.ID = adr.addressid 
WHERE CONCAT(pa.firstname, ' ', pa.lastname) LIKE 'Cutl%' 
OR pa.firstname LIKE 'Cutl%' 
OR pa.lastname LIKE 'Cutl%' 
LIMIT 5
2014-01-01 10:53:37 : Patient List request sql end.
2014-01-01 10:53:37 : Patient List request ended.
2014-01-01 10:53:39 : Patient List request started for patientname = Cut
2014-01-01 10:53:39 : Patient List request sql start.
2014-01-01 10:53:39 : SELECT CONCAT(pa.firstname, ' ', pa.lastname) name, 
email, mobilephone, address1, address2, city, state, zip, pa.id AS patientid
FROM hapatienttbl pa
INNER JOIN hapatientaddresstbl adr ON pa.ID = adr.patientid AND addresstype = 'primary'
LEFT JOIN haaddresstbl ad ON ad.ID = adr.addressid 
WHERE CONCAT(pa.firstname, ' ', pa.lastname) LIKE 'Cut%' 
OR pa.firstname LIKE 'Cut%' 
OR pa.lastname LIKE 'Cut%' 
LIMIT 5
2014-01-01 10:53:39 : Patient List request sql end.
2014-01-01 10:53:39 : Patient List request ended.
2014-01-01 10:53:40 : Patient List request started for patientname = Cu
2014-01-01 10:53:40 : Patient List request sql start.
2014-01-01 10:53:40 : SELECT CONCAT(pa.firstname, ' ', pa.lastname) name, 
email, mobilephone, address1, address2, city, state, zip, pa.id AS patientid
FROM hapatienttbl pa
INNER JOIN hapatientaddresstbl adr ON pa.ID = adr.patientid AND addresstype = 'primary'
LEFT JOIN haaddresstbl ad ON ad.ID = adr.addressid 
WHERE CONCAT(pa.firstname, ' ', pa.lastname) LIKE 'Cu%' 
OR pa.firstname LIKE 'Cu%' 
OR pa.lastname LIKE 'Cu%' 
LIMIT 5
2014-01-01 10:53:40 : Patient List request sql end.
2014-01-01 10:53:40 : Patient List request ended.
2014-01-01 10:53:40 : Patient List request started for patientname = C
2014-01-01 10:53:40 : Patient List request sql start.
2014-01-01 10:53:40 : SELECT CONCAT(pa.firstname, ' ', pa.lastname) name, 
email, mobilephone, address1, address2, city, state, zip, pa.id AS patientid
FROM hapatienttbl pa
INNER JOIN hapatientaddresstbl adr ON pa.ID = adr.patientid AND addresstype = 'primary'
LEFT JOIN haaddresstbl ad ON ad.ID = adr.addressid 
WHERE CONCAT(pa.firstname, ' ', pa.lastname) LIKE 'C%' 
OR pa.firstname LIKE 'C%' 
OR pa.lastname LIKE 'C%' 
LIMIT 5
2014-01-01 10:53:40 : Patient List request sql end.
2014-01-01 10:53:40 : Patient List request ended.
2014-01-01 10:53:42 : Patient List request started for patientname = T
2014-01-01 10:53:42 : Patient List request sql start.
2014-01-01 10:53:42 : SELECT CONCAT(pa.firstname, ' ', pa.lastname) name, 
email, mobilephone, address1, address2, city, state, zip, pa.id AS patientid
FROM hapatienttbl pa
INNER JOIN hapatientaddresstbl adr ON pa.ID = adr.patientid AND addresstype = 'primary'
LEFT JOIN haaddresstbl ad ON ad.ID = adr.addressid 
WHERE CONCAT(pa.firstname, ' ', pa.lastname) LIKE 'T%' 
OR pa.firstname LIKE 'T%' 
OR pa.lastname LIKE 'T%' 
LIMIT 5
2014-01-01 10:53:42 : Patient List request sql end.
2014-01-01 10:53:42 : Patient List request ended.
2014-01-01 10:53:42 : Patient List request started for patientname = Ta
2014-01-01 10:53:42 : Patient List request sql start.
2014-01-01 10:53:42 : SELECT CONCAT(pa.firstname, ' ', pa.lastname) name, 
email, mobilephone, address1, address2, city, state, zip, pa.id AS patientid
FROM hapatienttbl pa
INNER JOIN hapatientaddresstbl adr ON pa.ID = adr.patientid AND addresstype = 'primary'
LEFT JOIN haaddresstbl ad ON ad.ID = adr.addressid 
WHERE CONCAT(pa.firstname, ' ', pa.lastname) LIKE 'Ta%' 
OR pa.firstname LIKE 'Ta%' 
OR pa.lastname LIKE 'Ta%' 
LIMIT 5
2014-01-01 10:53:42 : Patient List request sql end.
2014-01-01 10:53:42 : Patient List request ended.
2014-01-01 10:53:43 : Patient List request started for patientname = Taa
2014-01-01 10:53:43 : Patient List request sql start.
2014-01-01 10:53:43 : SELECT CONCAT(pa.firstname, ' ', pa.lastname) name, 
email, mobilephone, address1, address2, city, state, zip, pa.id AS patientid
FROM hapatienttbl pa
INNER JOIN hapatientaddresstbl adr ON pa.ID = adr.patientid AND addresstype = 'primary'
LEFT JOIN haaddresstbl ad ON ad.ID = adr.addressid 
WHERE CONCAT(pa.firstname, ' ', pa.lastname) LIKE 'Taa%' 
OR pa.firstname LIKE 'Taa%' 
OR pa.lastname LIKE 'Taa%' 
LIMIT 5
2014-01-01 10:53:43 : Patient List request sql end.
2014-01-01 10:53:43 : Patient List request ended.
2014-01-01 10:53:45 : Patient List request started for patientname = Ta
2014-01-01 10:53:45 : Patient List request sql start.
2014-01-01 10:53:45 : SELECT CONCAT(pa.firstname, ' ', pa.lastname) name, 
email, mobilephone, address1, address2, city, state, zip, pa.id AS patientid
FROM hapatienttbl pa
INNER JOIN hapatientaddresstbl adr ON pa.ID = adr.patientid AND addresstype = 'primary'
LEFT JOIN haaddresstbl ad ON ad.ID = adr.addressid 
WHERE CONCAT(pa.firstname, ' ', pa.lastname) LIKE 'Ta%' 
OR pa.firstname LIKE 'Ta%' 
OR pa.lastname LIKE 'Ta%' 
LIMIT 5
2014-01-01 10:53:45 : Patient List request sql end.
2014-01-01 10:53:45 : Patient List request ended.
2014-01-01 10:53:47 : Patient List request started for patientname = Tar
2014-01-01 10:53:47 : Patient List request sql start.
2014-01-01 10:53:47 : SELECT CONCAT(pa.firstname, ' ', pa.lastname) name, 
email, mobilephone, address1, address2, city, state, zip, pa.id AS patientid
FROM hapatienttbl pa
INNER JOIN hapatientaddresstbl adr ON pa.ID = adr.patientid AND addresstype = 'primary'
LEFT JOIN haaddresstbl ad ON ad.ID = adr.addressid 
WHERE CONCAT(pa.firstname, ' ', pa.lastname) LIKE 'Tar%' 
OR pa.firstname LIKE 'Tar%' 
OR pa.lastname LIKE 'Tar%' 
LIMIT 5
2014-01-01 10:53:47 : Patient List request sql end.
2014-01-01 10:53:47 : Patient List request ended.
2014-01-01 10:53:47 : Patient List request started for patientname = Tarr
2014-01-01 10:53:47 : Patient List request sql start.
2014-01-01 10:53:47 : SELECT CONCAT(pa.firstname, ' ', pa.lastname) name, 
email, mobilephone, address1, address2, city, state, zip, pa.id AS patientid
FROM hapatienttbl pa
INNER JOIN hapatientaddresstbl adr ON pa.ID = adr.patientid AND addresstype = 'primary'
LEFT JOIN haaddresstbl ad ON ad.ID = adr.addressid 
WHERE CONCAT(pa.firstname, ' ', pa.lastname) LIKE 'Tarr%' 
OR pa.firstname LIKE 'Tarr%' 
OR pa.lastname LIKE 'Tarr%' 
LIMIT 5
2014-01-01 10:53:47 : Patient List request sql end.
2014-01-01 10:53:47 : Patient List request ended.
2014-01-01 10:53:48 : Patient List request started for patientname = Tarry
2014-01-01 10:53:48 : Patient List request sql start.
2014-01-01 10:53:48 : SELECT CONCAT(pa.firstname, ' ', pa.lastname) name, 
email, mobilephone, address1, address2, city, state, zip, pa.id AS patientid
FROM hapatienttbl pa
INNER JOIN hapatientaddresstbl adr ON pa.ID = adr.patientid AND addresstype = 'primary'
LEFT JOIN haaddresstbl ad ON ad.ID = adr.addressid 
WHERE CONCAT(pa.firstname, ' ', pa.lastname) LIKE 'Tarry%' 
OR pa.firstname LIKE 'Tarry%' 
OR pa.lastname LIKE 'Tarry%' 
LIMIT 5
2014-01-01 10:53:48 : Patient List request sql end.
2014-01-01 10:53:48 : Patient List request ended.
2014-01-01 10:53:50 : Patient List request started for patientname = Tarry C
2014-01-01 10:53:50 : Patient List request sql start.
2014-01-01 10:53:50 : SELECT CONCAT(pa.firstname, ' ', pa.lastname) name, 
email, mobilephone, address1, address2, city, state, zip, pa.id AS patientid
FROM hapatienttbl pa
INNER JOIN hapatientaddresstbl adr ON pa.ID = adr.patientid AND addresstype = 'primary'
LEFT JOIN haaddresstbl ad ON ad.ID = adr.addressid 
WHERE CONCAT(pa.firstname, ' ', pa.lastname) LIKE 'Tarry C%' 
OR pa.firstname LIKE 'Tarry C%' 
OR pa.lastname LIKE 'Tarry C%' 
LIMIT 5
2014-01-01 10:53:50 : Patient List request sql end.
2014-01-01 10:53:50 : Patient List request ended.
2014-01-01 10:59:09 : Patient List request started for patientname = Tarry Cu
2014-01-01 10:59:09 : Patient List request sql start.
2014-01-01 10:59:09 : SELECT CONCAT(pa.firstname, ' ', pa.lastname) name, 
email, mobilephone, address1, address2, city, state, zip, pa.id AS patientid
FROM hapatienttbl pa
INNER JOIN hapatientaddresstbl adr ON pa.ID = adr.patientid AND addresstype = 'primary'
LEFT JOIN haaddresstbl ad ON ad.ID = adr.addressid 
WHERE CONCAT(pa.firstname, ' ', pa.lastname) LIKE 'Tarry Cu%' 
OR pa.firstname LIKE 'Tarry Cu%' 
OR pa.lastname LIKE 'Tarry Cu%' 
LIMIT 5
2014-01-01 10:59:09 : Patient List request sql end.
2014-01-01 10:59:09 : Patient List request ended.
2014-01-01 10:59:11 : Patient List request started for patientname = Tarry Cut
2014-01-01 10:59:11 : Patient List request sql start.
2014-01-01 10:59:11 : SELECT CONCAT(pa.firstname, ' ', pa.lastname) name, 
email, mobilephone, address1, address2, city, state, zip, pa.id AS patientid
FROM hapatienttbl pa
INNER JOIN hapatientaddresstbl adr ON pa.ID = adr.patientid AND addresstype = 'primary'
LEFT JOIN haaddresstbl ad ON ad.ID = adr.addressid 
WHERE CONCAT(pa.firstname, ' ', pa.lastname) LIKE 'Tarry Cut%' 
OR pa.firstname LIKE 'Tarry Cut%' 
OR pa.lastname LIKE 'Tarry Cut%' 
LIMIT 5
2014-01-01 10:59:11 : Patient List request sql end.
2014-01-01 10:59:11 : Patient List request ended.
2014-01-01 10:59:12 : Patient List request started for patientname = Tarry Cutl
2014-01-01 10:59:12 : Patient List request sql start.
2014-01-01 10:59:12 : SELECT CONCAT(pa.firstname, ' ', pa.lastname) name, 
email, mobilephone, address1, address2, city, state, zip, pa.id AS patientid
FROM hapatienttbl pa
INNER JOIN hapatientaddresstbl adr ON pa.ID = adr.patientid AND addresstype = 'primary'
LEFT JOIN haaddresstbl ad ON ad.ID = adr.addressid 
WHERE CONCAT(pa.firstname, ' ', pa.lastname) LIKE 'Tarry Cutl%' 
OR pa.firstname LIKE 'Tarry Cutl%' 
OR pa.lastname LIKE 'Tarry Cutl%' 
LIMIT 5
2014-01-01 10:59:12 : Patient List request sql end.
2014-01-01 10:59:12 : Patient List request ended.
2014-01-01 10:59:19 : Provider List request started for provider = R
2014-01-01 10:59:19 : Provider List request sql start.
2014-01-01 10:59:19 : SELECT CONCAT(pr.firstname, ' ', pr.lastname) name, 
email, mobilephone, address1, address2, city, state, zip, pr.id AS providerid, NPI AS npi
FROM haprovidertbl pr
INNER JOIN haprovideraddresstbl adr ON pr.ID = adr.providerid AND addresstype = 'primary'
LEFT JOIN haaddresstbl ad ON ad.ID = adr.addressid 
WHERE CONCAT(pr.firstname, ' ', pr.lastname) LIKE 'R%'
OR firstname LIKE 'R%' 
OR lastname LIKE 'R%'
LIMIT 5
2014-01-01 10:59:19 : Provider List request sql end.
2014-01-01 10:59:19 : Provider List request ended.
2014-01-01 10:59:21 : Provider List request started for provider = Ro
2014-01-01 10:59:21 : Provider List request sql start.
2014-01-01 10:59:21 : SELECT CONCAT(pr.firstname, ' ', pr.lastname) name, 
email, mobilephone, address1, address2, city, state, zip, pr.id AS providerid, NPI AS npi
FROM haprovidertbl pr
INNER JOIN haprovideraddresstbl adr ON pr.ID = adr.providerid AND addresstype = 'primary'
LEFT JOIN haaddresstbl ad ON ad.ID = adr.addressid 
WHERE CONCAT(pr.firstname, ' ', pr.lastname) LIKE 'Ro%'
OR firstname LIKE 'Ro%' 
OR lastname LIKE 'Ro%'
LIMIT 5
2014-01-01 10:59:21 : Provider List request sql end.
2014-01-01 10:59:21 : Provider List request ended.
2014-01-01 10:59:24 : Provider List request started for provider = R
2014-01-01 10:59:24 : Provider List request sql start.
2014-01-01 10:59:24 : SELECT CONCAT(pr.firstname, ' ', pr.lastname) name, 
email, mobilephone, address1, address2, city, state, zip, pr.id AS providerid, NPI AS npi
FROM haprovidertbl pr
INNER JOIN haprovideraddresstbl adr ON pr.ID = adr.providerid AND addresstype = 'primary'
LEFT JOIN haaddresstbl ad ON ad.ID = adr.addressid 
WHERE CONCAT(pr.firstname, ' ', pr.lastname) LIKE 'R%'
OR firstname LIKE 'R%' 
OR lastname LIKE 'R%'
LIMIT 5
2014-01-01 10:59:24 : Provider List request sql end.
2014-01-01 10:59:24 : Provider List request ended.
2014-01-01 10:59:28 : Provider List request started for provider = s
2014-01-01 10:59:28 : Provider List request sql start.
2014-01-01 10:59:28 : SELECT CONCAT(pr.firstname, ' ', pr.lastname) name, 
email, mobilephone, address1, address2, city, state, zip, pr.id AS providerid, NPI AS npi
FROM haprovidertbl pr
INNER JOIN haprovideraddresstbl adr ON pr.ID = adr.providerid AND addresstype = 'primary'
LEFT JOIN haaddresstbl ad ON ad.ID = adr.addressid 
WHERE CONCAT(pr.firstname, ' ', pr.lastname) LIKE 's%'
OR firstname LIKE 's%' 
OR lastname LIKE 's%'
LIMIT 5
2014-01-01 10:59:28 : Provider List request sql end.
2014-01-01 10:59:28 : Provider List request ended.
2014-01-01 10:59:29 : Provider List request started for provider = sm
2014-01-01 10:59:29 : Provider List request sql start.
2014-01-01 10:59:29 : SELECT CONCAT(pr.firstname, ' ', pr.lastname) name, 
email, mobilephone, address1, address2, city, state, zip, pr.id AS providerid, NPI AS npi
FROM haprovidertbl pr
INNER JOIN haprovideraddresstbl adr ON pr.ID = adr.providerid AND addresstype = 'primary'
LEFT JOIN haaddresstbl ad ON ad.ID = adr.addressid 
WHERE CONCAT(pr.firstname, ' ', pr.lastname) LIKE 'sm%'
OR firstname LIKE 'sm%' 
OR lastname LIKE 'sm%'
LIMIT 5
2014-01-01 10:59:29 : Provider List request sql end.
2014-01-01 10:59:29 : Provider List request ended.
2014-01-01 10:59:32 : Provider List request started for provider = smi
2014-01-01 10:59:32 : Provider List request sql start.
2014-01-01 10:59:32 : SELECT CONCAT(pr.firstname, ' ', pr.lastname) name, 
email, mobilephone, address1, address2, city, state, zip, pr.id AS providerid, NPI AS npi
FROM haprovidertbl pr
INNER JOIN haprovideraddresstbl adr ON pr.ID = adr.providerid AND addresstype = 'primary'
LEFT JOIN haaddresstbl ad ON ad.ID = adr.addressid 
WHERE CONCAT(pr.firstname, ' ', pr.lastname) LIKE 'smi%'
OR firstname LIKE 'smi%' 
OR lastname LIKE 'smi%'
LIMIT 5
2014-01-01 10:59:32 : Provider List request sql end.
2014-01-01 10:59:32 : Provider List request ended.
2014-01-01 10:59:33 : Provider List request started for provider = smit
2014-01-01 10:59:33 : Provider List request sql start.
2014-01-01 10:59:33 : SELECT CONCAT(pr.firstname, ' ', pr.lastname) name, 
email, mobilephone, address1, address2, city, state, zip, pr.id AS providerid, NPI AS npi
FROM haprovidertbl pr
INNER JOIN haprovideraddresstbl adr ON pr.ID = adr.providerid AND addresstype = 'primary'
LEFT JOIN haaddresstbl ad ON ad.ID = adr.addressid 
WHERE CONCAT(pr.firstname, ' ', pr.lastname) LIKE 'smit%'
OR firstname LIKE 'smit%' 
OR lastname LIKE 'smit%'
LIMIT 5
2014-01-01 10:59:33 : Provider List request sql end.
2014-01-01 10:59:33 : Provider List request ended.
2014-01-01 10:59:34 : Provider List request started for provider = smith
2014-01-01 10:59:34 : Provider List request sql start.
2014-01-01 10:59:34 : SELECT CONCAT(pr.firstname, ' ', pr.lastname) name, 
email, mobilephone, address1, address2, city, state, zip, pr.id AS providerid, NPI AS npi
FROM haprovidertbl pr
INNER JOIN haprovideraddresstbl adr ON pr.ID = adr.providerid AND addresstype = 'primary'
LEFT JOIN haaddresstbl ad ON ad.ID = adr.addressid 
WHERE CONCAT(pr.firstname, ' ', pr.lastname) LIKE 'smith%'
OR firstname LIKE 'smith%' 
OR lastname LIKE 'smith%'
LIMIT 5
2014-01-01 10:59:34 : Provider List request sql end.
2014-01-01 10:59:34 : Provider List request ended.
2014-01-01 11:26:37 : Admin UserID Login started for tarryc
2014-01-01 11:26:37 : Admin UserID Login ended for tarryc. Status:ok
2014-01-02 11:00:29 : Admin UserID Login started for tarryc
2014-01-02 11:00:29 : Admin UserID Login ended for tarryc. Status:ok
2014-01-02 11:20:35 : Patient List request started for patientname = t
2014-01-02 11:20:35 : Patient List request sql start.
2014-01-02 11:20:35 : SELECT CONCAT(pa.firstname, ' ', pa.lastname) name, 
email, mobilephone, address1, address2, city, state, zip, pa.id AS patientid
FROM hapatienttbl pa
INNER JOIN hapatientaddresstbl adr ON pa.ID = adr.patientid AND addresstype = 'primary'
LEFT JOIN haaddresstbl ad ON ad.ID = adr.addressid 
WHERE CONCAT(pa.firstname, ' ', pa.lastname) LIKE 't%' 
OR pa.firstname LIKE 't%' 
OR pa.lastname LIKE 't%' 
LIMIT 5
2014-01-02 11:20:35 : Patient List request sql end.
2014-01-02 11:20:35 : Patient List request ended.
2014-01-02 11:20:42 : Provider List request started for provider = r
2014-01-02 11:20:42 : Provider List request sql start.
2014-01-02 11:20:42 : SELECT CONCAT(pr.firstname, ' ', pr.lastname) name, 
email, mobilephone, address1, address2, city, state, zip, pr.id AS providerid, NPI AS npi
FROM haprovidertbl pr
INNER JOIN haprovideraddresstbl adr ON pr.ID = adr.providerid AND addresstype = 'primary'
LEFT JOIN haaddresstbl ad ON ad.ID = adr.addressid 
WHERE CONCAT(pr.firstname, ' ', pr.lastname) LIKE 'r%'
OR firstname LIKE 'r%' 
OR lastname LIKE 'r%'
LIMIT 5
2014-01-02 11:20:42 : Provider List request sql end.
2014-01-02 11:20:42 : Provider List request ended.
2014-01-02 11:20:43 : Provider List request started for provider = ro
2014-01-02 11:20:43 : Provider List request sql start.
2014-01-02 11:20:43 : SELECT CONCAT(pr.firstname, ' ', pr.lastname) name, 
email, mobilephone, address1, address2, city, state, zip, pr.id AS providerid, NPI AS npi
FROM haprovidertbl pr
INNER JOIN haprovideraddresstbl adr ON pr.ID = adr.providerid AND addresstype = 'primary'
LEFT JOIN haaddresstbl ad ON ad.ID = adr.addressid 
WHERE CONCAT(pr.firstname, ' ', pr.lastname) LIKE 'ro%'
OR firstname LIKE 'ro%' 
OR lastname LIKE 'ro%'
LIMIT 5
2014-01-02 11:20:43 : Provider List request sql end.
2014-01-02 11:20:43 : Provider List request ended.
2014-01-02 11:21:05 : Patient List request started for patientname = t
2014-01-02 11:21:05 : Patient List request sql start.
2014-01-02 11:21:05 : SELECT CONCAT(pa.firstname, ' ', pa.lastname) name, 
email, mobilephone, address1, address2, city, state, zip, pa.id AS patientid
FROM hapatienttbl pa
INNER JOIN hapatientaddresstbl adr ON pa.ID = adr.patientid AND addresstype = 'primary'
LEFT JOIN haaddresstbl ad ON ad.ID = adr.addressid 
WHERE CONCAT(pa.firstname, ' ', pa.lastname) LIKE 't%' 
OR pa.firstname LIKE 't%' 
OR pa.lastname LIKE 't%' 
LIMIT 5
2014-01-02 11:21:05 : Patient List request sql end.
2014-01-02 11:21:05 : Patient List request ended.
2014-01-02 11:21:09 : Provider List request started for provider = r
2014-01-02 11:21:09 : Provider List request sql start.
2014-01-02 11:21:09 : SELECT CONCAT(pr.firstname, ' ', pr.lastname) name, 
email, mobilephone, address1, address2, city, state, zip, pr.id AS providerid, NPI AS npi
FROM haprovidertbl pr
INNER JOIN haprovideraddresstbl adr ON pr.ID = adr.providerid AND addresstype = 'primary'
LEFT JOIN haaddresstbl ad ON ad.ID = adr.addressid 
WHERE CONCAT(pr.firstname, ' ', pr.lastname) LIKE 'r%'
OR firstname LIKE 'r%' 
OR lastname LIKE 'r%'
LIMIT 5
2014-01-02 11:21:09 : Provider List request sql end.
2014-01-02 11:21:09 : Provider List request ended.
2014-01-02 14:06:07 : Admin UserID Login started for tarryc
2014-01-02 14:06:07 : Admin UserID Login ended for tarryc. Status:ok
2014-01-02 14:55:27 : Admin UserID Login started for tarryc
2014-01-02 14:55:27 : Admin UserID Login ended for tarryc. Status:ok
2014-01-02 16:38:28 : Patient List request started for patientname = t
2014-01-02 16:38:28 : Patient List request sql start.
2014-01-02 16:38:28 : SELECT CONCAT(pa.firstname, ' ', pa.lastname) name, 
email, mobilephone, address1, address2, city, state, zip, pa.id AS patientid
FROM hapatienttbl pa
INNER JOIN hapatientaddresstbl adr ON pa.ID = adr.patientid AND addresstype = 'primary'
LEFT JOIN haaddresstbl ad ON ad.ID = adr.addressid 
WHERE CONCAT(pa.firstname, ' ', pa.lastname) LIKE 't%' 
OR pa.firstname LIKE 't%' 
OR pa.lastname LIKE 't%' 
LIMIT 5
2014-01-02 16:38:28 : Patient List request sql end.
2014-01-02 16:38:28 : Patient List request ended.
2014-01-02 16:38:28 : Patient List request started for patientname = ta
2014-01-02 16:38:28 : Patient List request sql start.
2014-01-02 16:38:28 : SELECT CONCAT(pa.firstname, ' ', pa.lastname) name, 
email, mobilephone, address1, address2, city, state, zip, pa.id AS patientid
FROM hapatienttbl pa
INNER JOIN hapatientaddresstbl adr ON pa.ID = adr.patientid AND addresstype = 'primary'
LEFT JOIN haaddresstbl ad ON ad.ID = adr.addressid 
WHERE CONCAT(pa.firstname, ' ', pa.lastname) LIKE 'ta%' 
OR pa.firstname LIKE 'ta%' 
OR pa.lastname LIKE 'ta%' 
LIMIT 5
2014-01-02 16:38:28 : Patient List request sql end.
2014-01-02 16:38:28 : Patient List request ended.
2014-01-02 16:38:28 : Patient List request started for patientname = tar
2014-01-02 16:38:28 : Patient List request sql start.
2014-01-02 16:38:28 : SELECT CONCAT(pa.firstname, ' ', pa.lastname) name, 
email, mobilephone, address1, address2, city, state, zip, pa.id AS patientid
FROM hapatienttbl pa
INNER JOIN hapatientaddresstbl adr ON pa.ID = adr.patientid AND addresstype = 'primary'
LEFT JOIN haaddresstbl ad ON ad.ID = adr.addressid 
WHERE CONCAT(pa.firstname, ' ', pa.lastname) LIKE 'tar%' 
OR pa.firstname LIKE 'tar%' 
OR pa.lastname LIKE 'tar%' 
LIMIT 5
2014-01-02 16:38:28 : Patient List request sql end.
2014-01-02 16:38:28 : Patient List request ended.
2014-01-02 16:38:28 : Patient List request started for patientname = tarr
2014-01-02 16:38:28 : Patient List request sql start.
2014-01-02 16:38:28 : SELECT CONCAT(pa.firstname, ' ', pa.lastname) name, 
email, mobilephone, address1, address2, city, state, zip, pa.id AS patientid
FROM hapatienttbl pa
INNER JOIN hapatientaddresstbl adr ON pa.ID = adr.patientid AND addresstype = 'primary'
LEFT JOIN haaddresstbl ad ON ad.ID = adr.addressid 
WHERE CONCAT(pa.firstname, ' ', pa.lastname) LIKE 'tarr%' 
OR pa.firstname LIKE 'tarr%' 
OR pa.lastname LIKE 'tarr%' 
LIMIT 5
2014-01-02 16:38:28 : Patient List request sql end.
2014-01-02 16:38:28 : Patient List request ended.
2014-01-02 16:38:33 : Provider List request started for provider = r
2014-01-02 16:38:33 : Provider List request sql start.
2014-01-02 16:38:33 : SELECT CONCAT(pr.firstname, ' ', pr.lastname) name, 
email, mobilephone, address1, address2, city, state, zip, pr.id AS providerid, NPI AS npi
FROM haprovidertbl pr
INNER JOIN haprovideraddresstbl adr ON pr.ID = adr.providerid AND addresstype = 'primary'
LEFT JOIN haaddresstbl ad ON ad.ID = adr.addressid 
WHERE CONCAT(pr.firstname, ' ', pr.lastname) LIKE 'r%'
OR firstname LIKE 'r%' 
OR lastname LIKE 'r%'
LIMIT 5
2014-01-02 16:38:33 : Provider List request sql end.
2014-01-02 16:38:33 : Provider List request ended.
2014-01-02 16:38:33 : Provider List request started for provider = ro
2014-01-02 16:38:33 : Provider List request sql start.
2014-01-02 16:38:33 : SELECT CONCAT(pr.firstname, ' ', pr.lastname) name, 
email, mobilephone, address1, address2, city, state, zip, pr.id AS providerid, NPI AS npi
FROM haprovidertbl pr
INNER JOIN haprovideraddresstbl adr ON pr.ID = adr.providerid AND addresstype = 'primary'
LEFT JOIN haaddresstbl ad ON ad.ID = adr.addressid 
WHERE CONCAT(pr.firstname, ' ', pr.lastname) LIKE 'ro%'
OR firstname LIKE 'ro%' 
OR lastname LIKE 'ro%'
LIMIT 5
2014-01-02 16:38:33 : Provider List request sql end.
2014-01-02 16:38:33 : Provider List request ended.
2014-01-02 16:38:33 : Provider List request started for provider = rol
2014-01-02 16:38:33 : Provider List request sql start.
2014-01-02 16:38:33 : SELECT CONCAT(pr.firstname, ' ', pr.lastname) name, 
email, mobilephone, address1, address2, city, state, zip, pr.id AS providerid, NPI AS npi
FROM haprovidertbl pr
INNER JOIN haprovideraddresstbl adr ON pr.ID = adr.providerid AND addresstype = 'primary'
LEFT JOIN haaddresstbl ad ON ad.ID = adr.addressid 
WHERE CONCAT(pr.firstname, ' ', pr.lastname) LIKE 'rol%'
OR firstname LIKE 'rol%' 
OR lastname LIKE 'rol%'
LIMIT 5
2014-01-02 16:38:33 : Provider List request sql end.
2014-01-02 16:38:33 : Provider List request ended.
2014-01-02 16:38:35 : Provider List request started for provider = ro
2014-01-02 16:38:35 : Provider List request sql start.
2014-01-02 16:38:35 : SELECT CONCAT(pr.firstname, ' ', pr.lastname) name, 
email, mobilephone, address1, address2, city, state, zip, pr.id AS providerid, NPI AS npi
FROM haprovidertbl pr
INNER JOIN haprovideraddresstbl adr ON pr.ID = adr.providerid AND addresstype = 'primary'
LEFT JOIN haaddresstbl ad ON ad.ID = adr.addressid 
WHERE CONCAT(pr.firstname, ' ', pr.lastname) LIKE 'ro%'
OR firstname LIKE 'ro%' 
OR lastname LIKE 'ro%'
LIMIT 5
2014-01-02 16:38:35 : Provider List request sql end.
2014-01-02 16:38:35 : Provider List request ended.
2014-01-02 16:55:59 : Patient List request started for patientname = t
2014-01-02 16:55:59 : Patient List request sql start.
2014-01-02 16:55:59 : SELECT CONCAT(pa.firstname, ' ', pa.lastname) name, 
email, mobilephone, address1, address2, city, state, zip, pa.id AS patientid
FROM hapatienttbl pa
INNER JOIN hapatientaddresstbl adr ON pa.ID = adr.patientid AND addresstype = 'primary'
LEFT JOIN haaddresstbl ad ON ad.ID = adr.addressid 
WHERE CONCAT(pa.firstname, ' ', pa.lastname) LIKE 't%' 
OR pa.firstname LIKE 't%' 
OR pa.lastname LIKE 't%' 
LIMIT 5
2014-01-02 16:55:59 : Patient List request sql end.
2014-01-02 16:55:59 : Patient List request ended.
2014-01-02 16:55:59 : Patient List request started for patientname = ta
2014-01-02 16:55:59 : Patient List request sql start.
2014-01-02 16:55:59 : SELECT CONCAT(pa.firstname, ' ', pa.lastname) name, 
email, mobilephone, address1, address2, city, state, zip, pa.id AS patientid
FROM hapatienttbl pa
INNER JOIN hapatientaddresstbl adr ON pa.ID = adr.patientid AND addresstype = 'primary'
LEFT JOIN haaddresstbl ad ON ad.ID = adr.addressid 
WHERE CONCAT(pa.firstname, ' ', pa.lastname) LIKE 'ta%' 
OR pa.firstname LIKE 'ta%' 
OR pa.lastname LIKE 'ta%' 
LIMIT 5
2014-01-02 16:55:59 : Patient List request sql end.
2014-01-02 16:55:59 : Patient List request ended.
2014-01-02 16:55:59 : Patient List request started for patientname = tar
2014-01-02 16:55:59 : Patient List request sql start.
2014-01-02 16:55:59 : SELECT CONCAT(pa.firstname, ' ', pa.lastname) name, 
email, mobilephone, address1, address2, city, state, zip, pa.id AS patientid
FROM hapatienttbl pa
INNER JOIN hapatientaddresstbl adr ON pa.ID = adr.patientid AND addresstype = 'primary'
LEFT JOIN haaddresstbl ad ON ad.ID = adr.addressid 
WHERE CONCAT(pa.firstname, ' ', pa.lastname) LIKE 'tar%' 
OR pa.firstname LIKE 'tar%' 
OR pa.lastname LIKE 'tar%' 
LIMIT 5
2014-01-02 16:55:59 : Patient List request sql end.
2014-01-02 16:55:59 : Patient List request ended.
2014-01-02 16:56:04 : Provider List request started for provider = r
2014-01-02 16:56:04 : Provider List request sql start.
2014-01-02 16:56:04 : SELECT CONCAT(pr.firstname, ' ', pr.lastname) name, 
email, mobilephone, address1, address2, city, state, zip, pr.id AS providerid, NPI AS npi
FROM haprovidertbl pr
INNER JOIN haprovideraddresstbl adr ON pr.ID = adr.providerid AND addresstype = 'primary'
LEFT JOIN haaddresstbl ad ON ad.ID = adr.addressid 
WHERE CONCAT(pr.firstname, ' ', pr.lastname) LIKE 'r%'
OR firstname LIKE 'r%' 
OR lastname LIKE 'r%'
LIMIT 5
2014-01-02 16:56:04 : Provider List request sql end.
2014-01-02 16:56:04 : Provider List request ended.
2014-01-02 16:56:06 : Provider List request started for provider = ro
2014-01-02 16:56:06 : Provider List request sql start.
2014-01-02 16:56:06 : SELECT CONCAT(pr.firstname, ' ', pr.lastname) name, 
email, mobilephone, address1, address2, city, state, zip, pr.id AS providerid, NPI AS npi
FROM haprovidertbl pr
INNER JOIN haprovideraddresstbl adr ON pr.ID = adr.providerid AND addresstype = 'primary'
LEFT JOIN haaddresstbl ad ON ad.ID = adr.addressid 
WHERE CONCAT(pr.firstname, ' ', pr.lastname) LIKE 'ro%'
OR firstname LIKE 'ro%' 
OR lastname LIKE 'ro%'
LIMIT 5
2014-01-02 16:56:06 : Provider List request sql end.
2014-01-02 16:56:06 : Provider List request ended.
2014-01-03 17:47:50 : Patient List request started for patientname = t
2014-01-03 17:47:50 : Patient List request sql start.
2014-01-03 17:47:50 : SELECT CONCAT(pa.firstname, ' ', pa.lastname) name, 
email, mobilephone, address1, address2, city, state, zip, pa.id AS patientid
FROM hapatienttbl pa
INNER JOIN hapatientaddresstbl adr ON pa.ID = adr.patientid AND addresstype = 'primary'
LEFT JOIN haaddresstbl ad ON ad.ID = adr.addressid 
WHERE CONCAT(pa.firstname, ' ', pa.lastname) LIKE 't%' 
OR pa.firstname LIKE 't%' 
OR pa.lastname LIKE 't%' 
LIMIT 5
2014-01-03 17:47:50 : Patient List request sql end.
2014-01-03 17:47:50 : Patient List request ended.
2014-01-03 17:47:53 : Patient List request started for patientname = ta
2014-01-03 17:47:53 : Patient List request sql start.
2014-01-03 17:47:53 : SELECT CONCAT(pa.firstname, ' ', pa.lastname) name, 
email, mobilephone, address1, address2, city, state, zip, pa.id AS patientid
FROM hapatienttbl pa
INNER JOIN hapatientaddresstbl adr ON pa.ID = adr.patientid AND addresstype = 'primary'
LEFT JOIN haaddresstbl ad ON ad.ID = adr.addressid 
WHERE CONCAT(pa.firstname, ' ', pa.lastname) LIKE 'ta%' 
OR pa.firstname LIKE 'ta%' 
OR pa.lastname LIKE 'ta%' 
LIMIT 5
2014-01-03 17:47:53 : Patient List request sql end.
2014-01-03 17:47:53 : Patient List request ended.
2014-01-03 17:47:58 : Provider List request started for provider = r
2014-01-03 17:47:58 : Provider List request sql start.
2014-01-03 17:47:58 : SELECT CONCAT(pr.firstname, ' ', pr.lastname) name, 
email, mobilephone, address1, address2, city, state, zip, pr.id AS providerid, NPI AS npi
FROM haprovidertbl pr
INNER JOIN haprovideraddresstbl adr ON pr.ID = adr.providerid AND addresstype = 'primary'
LEFT JOIN haaddresstbl ad ON ad.ID = adr.addressid 
WHERE CONCAT(pr.firstname, ' ', pr.lastname) LIKE 'r%'
OR firstname LIKE 'r%' 
OR lastname LIKE 'r%'
LIMIT 5
2014-01-03 17:47:58 : Provider List request sql end.
2014-01-03 17:47:58 : Provider List request ended.
2014-01-03 17:47:58 : Provider List request started for provider = ro
2014-01-03 17:47:58 : Provider List request sql start.
2014-01-03 17:47:58 : SELECT CONCAT(pr.firstname, ' ', pr.lastname) name, 
email, mobilephone, address1, address2, city, state, zip, pr.id AS providerid, NPI AS npi
FROM haprovidertbl pr
INNER JOIN haprovideraddresstbl adr ON pr.ID = adr.providerid AND addresstype = 'primary'
LEFT JOIN haaddresstbl ad ON ad.ID = adr.addressid 
WHERE CONCAT(pr.firstname, ' ', pr.lastname) LIKE 'ro%'
OR firstname LIKE 'ro%' 
OR lastname LIKE 'ro%'
LIMIT 5
2014-01-03 17:47:58 : Provider List request sql end.
2014-01-03 17:47:58 : Provider List request ended.
2014-01-06 18:30:59 : Admin UserID Login started for tarryc
2014-01-06 18:30:59 : Admin UserID Login ended for tarryc. Status:ok
2014-01-07 08:44:00 : Patient List request started for patientname = t
2014-01-07 08:44:00 : Patient List request sql start.
2014-01-07 08:44:00 : SELECT CONCAT(pa.firstname, ' ', pa.lastname) name, 
email, mobilephone, address1, address2, city, state, zip, pa.id AS patientid
FROM hapatienttbl pa
INNER JOIN hapatientaddresstbl adr ON pa.ID = adr.patientid AND addresstype = 'primary'
LEFT JOIN haaddresstbl ad ON ad.ID = adr.addressid 
WHERE CONCAT(pa.firstname, ' ', pa.lastname) LIKE 't%' 
OR pa.firstname LIKE 't%' 
OR pa.lastname LIKE 't%' 
LIMIT 5
2014-01-07 08:44:00 : Patient List request sql end.
2014-01-07 08:44:00 : Patient List request ended.
2014-01-07 08:44:07 : Provider List request started for provider = r
2014-01-07 08:44:07 : Provider List request sql start.
2014-01-07 08:44:07 : SELECT CONCAT(pr.firstname, ' ', pr.lastname) name, 
email, mobilephone, address1, address2, city, state, zip, pr.id AS providerid, NPI AS npi
FROM haprovidertbl pr
INNER JOIN haprovideraddresstbl adr ON pr.ID = adr.providerid AND addresstype = 'primary'
LEFT JOIN haaddresstbl ad ON ad.ID = adr.addressid 
WHERE CONCAT(pr.firstname, ' ', pr.lastname) LIKE 'r%'
OR firstname LIKE 'r%' 
OR lastname LIKE 'r%'
LIMIT 5
2014-01-07 08:44:07 : Provider List request sql end.
2014-01-07 08:44:07 : Provider List request ended.
2014-01-07 08:44:08 : Provider List request started for provider = ro
2014-01-07 08:44:08 : Provider List request sql start.
2014-01-07 08:44:08 : SELECT CONCAT(pr.firstname, ' ', pr.lastname) name, 
email, mobilephone, address1, address2, city, state, zip, pr.id AS providerid, NPI AS npi
FROM haprovidertbl pr
INNER JOIN haprovideraddresstbl adr ON pr.ID = adr.providerid AND addresstype = 'primary'
LEFT JOIN haaddresstbl ad ON ad.ID = adr.addressid 
WHERE CONCAT(pr.firstname, ' ', pr.lastname) LIKE 'ro%'
OR firstname LIKE 'ro%' 
OR lastname LIKE 'ro%'
LIMIT 5
2014-01-07 08:44:08 : Provider List request sql end.
2014-01-07 08:44:08 : Provider List request ended.
2014-01-07 08:44:10 : Provider List request started for provider = roo
2014-01-07 08:44:10 : Provider List request sql start.
2014-01-07 08:44:10 : SELECT CONCAT(pr.firstname, ' ', pr.lastname) name, 
email, mobilephone, address1, address2, city, state, zip, pr.id AS providerid, NPI AS npi
FROM haprovidertbl pr
INNER JOIN haprovideraddresstbl adr ON pr.ID = adr.providerid AND addresstype = 'primary'
LEFT JOIN haaddresstbl ad ON ad.ID = adr.addressid 
WHERE CONCAT(pr.firstname, ' ', pr.lastname) LIKE 'roo%'
OR firstname LIKE 'roo%' 
OR lastname LIKE 'roo%'
LIMIT 5
2014-01-07 08:44:10 : Provider List request sql end.
2014-01-07 08:44:10 : Provider List request ended.
2014-01-07 09:35:22 : Provider List request started for provider = r
2014-01-07 09:35:22 : Provider List request sql start.
2014-01-07 09:35:22 : SELECT CONCAT(pr.firstname, ' ', pr.lastname) name, 
email, mobilephone, address1, address2, city, state, zip, pr.id AS providerid, NPI AS npi
FROM haprovidertbl pr
INNER JOIN haprovideraddresstbl adr ON pr.ID = adr.providerid AND addresstype = 'primary'
LEFT JOIN haaddresstbl ad ON ad.ID = adr.addressid 
WHERE CONCAT(pr.firstname, ' ', pr.lastname) LIKE 'r%'
OR firstname LIKE 'r%' 
OR lastname LIKE 'r%'
LIMIT 5
2014-01-07 09:35:22 : Provider List request sql end.
2014-01-07 09:35:22 : Provider List request ended.
2014-01-07 09:43:10 : Admin UserID Login started for tarryc
2014-01-07 09:43:10 : Admin UserID Login ended for tarryc. Status:ok
